This file contains any messages produced by compilers while
running configure, to aid debugging if configure makes a mistake.

It was created by mongo-c-driver configure 1.8.1, which was
generated by GNU Autoconf 2.69.  Invocation command line was

  $ ./configure --disable-automatic-init-and-cleanup

## --------- ##
## Platform. ##
## --------- ##

hostname = goalmaxHeart
uname -m = i686
uname -r = 3.10.98-poky-edison+
uname -s = Linux
uname -v = #1 SMP PREEMPT Mon Jun 6 14:32:08 PDT 2016

/usr/bin/uname -p = unknown
/bin/uname -X     = unknown

/bin/arch              = unknown
/usr/bin/arch -k       = unknown
/usr/convex/getsysinfo = unknown
/usr/bin/hostinfo      = unknown
/bin/machine           = unknown
/usr/bin/oslevel       = unknown
/bin/universe          = unknown

PATH: /usr/local/bin
PATH: /usr/bin
PATH: /bin
PATH: /usr/local/sbin
PATH: /usr/sbin
PATH: /sbin


## ----------- ##
## Core tests. ##
## ----------- ##

configure:2740: Current version (from VERSION_CURRENT file): 1.8.1
configure:2866: checking for gcc
configure:2882: found /usr/bin/gcc
configure:2893: result: gcc
configure:3122: checking for C compiler version
configure:3131: gcc --version >&5
gcc (GCC) 4.9.1
Copyright (C) 2014 Free Software Foundation, Inc.
This is free software; see the source for copying conditions.  There is NO
warranty; not even for MERCHANTABILITY or FITNESS FOR A PARTICULAR PURPOSE.

configure:3142: $? = 0
configure:3131: gcc -v >&5
Using built-in specs.
COLLECT_GCC=gcc
COLLECT_LTO_WRAPPER=/usr/lib/gcc/gcc/i586-poky-linux/4.9.1/lto-wrapper
Target: i586-poky-linux
Configured with: /export/users/neck/iotdk_3.5_dev/workdir/build_edison/tmp/work-shared/gcc-4.9.1-r0/gcc-4.9.1/configure --build=x86_64-linux --host=i586-poky-linux --target=i586-poky-linux --prefix=/usr --exec_prefix=/usr --bindir=/usr/bin --sbindir=/usr/sbin --libexecdir=/usr/lib/gcc --datadir=/usr/share --sysconfdir=/etc --sharedstatedir=/com --localstatedir=/var --libdir=/usr/lib --includedir=/usr/include --oldincludedir=/usr/include --infodir=/usr/share/info --mandir=/usr/share/man --disable-silent-rules --disable-dependency-tracking --with-libtool-sysroot=/export/users/neck/iotdk_3.5_dev/workdir/build_edison/tmp/sysroots/edison --with-gnu-ld --enable-shared --enable-languages=c,c++ --enable-threads=posix --enable-multilib --enable-c99 --enable-long-long --enable-symvers=gnu --enable-libstdcxx-pch --program-prefix=i586-poky-linux- --without-local-prefix --enable-target-optspace --enable-lto --enable-libssp --disable-bootstrap --disable-libmudflap --with-system-zlib --with-linker-hash-style=gnu --enable-linker-build-id --with-ppl=no --with-cloog=no --enable-checking=release --enable-cheaders=c_global --with-sysroot=/ --with-build-sysroot=/export/users/neck/iotdk_3.5_dev/workdir/build_edison/tmp/sysroots/edison --with-native-system-header-dir=/export/users/neck/iotdk_3.5_dev/workdir/build_edison/tmp/sysroots/edison/usr/include --with-gxx-include-dir=/usr/include/c++/4.9.1 --enable-nls --enable-__cxa_atexit
Thread model: posix
gcc version 4.9.1 (GCC) 
configure:3142: $? = 0
configure:3131: gcc -V >&5
gcc: error: unrecognized command line option '-V'
gcc: fatal error: no input files
compilation terminated.
configure:3142: $? = 1
configure:3131: gcc -qversion >&5
gcc: error: unrecognized command line option '-qversion'
gcc: fatal error: no input files
compilation terminated.
configure:3142: $? = 1
configure:3162: checking whether the C compiler works
configure:3184: gcc    conftest.c  >&5
configure:3188: $? = 0
configure:3236: result: yes
configure:3239: checking for C compiler default output file name
configure:3241: result: a.out
configure:3247: checking for suffix of executables
configure:3254: gcc -o conftest    conftest.c  >&5
configure:3258: $? = 0
configure:3280: result: 
configure:3302: checking whether we are cross compiling
configure:3310: gcc -o conftest    conftest.c  >&5
configure:3314: $? = 0
configure:3321: ./conftest
configure:3325: $? = 0
configure:3340: result: no
configure:3345: checking for suffix of object files
configure:3367: gcc -c   conftest.c >&5
configure:3371: $? = 0
configure:3392: result: o
configure:3396: checking whether we are using the GNU C compiler
configure:3415: gcc -c   conftest.c >&5
configure:3415: $? = 0
configure:3424: result: yes
configure:3433: checking whether gcc accepts -g
configure:3453: gcc -c -g  conftest.c >&5
configure:3453: $? = 0
configure:3494: result: yes
configure:3511: checking for gcc option to accept ISO C89
configure:3574: gcc  -c   conftest.c >&5
configure:3574: $? = 0
configure:3587: result: none needed
configure:3615: checking whether gcc understands -c and -o together
configure:3637: gcc -c conftest.c -o conftest2.o
configure:3640: $? = 0
configure:3637: gcc -c conftest.c -o conftest2.o
configure:3640: $? = 0
configure:3652: result: yes
configure:3727: checking for g++
configure:3743: found /usr/bin/g++
configure:3754: result: g++
configure:3781: checking for C++ compiler version
configure:3790: g++ --version >&5
g++ (GCC) 4.9.1
Copyright (C) 2014 Free Software Foundation, Inc.
This is free software; see the source for copying conditions.  There is NO
warranty; not even for MERCHANTABILITY or FITNESS FOR A PARTICULAR PURPOSE.

configure:3801: $? = 0
configure:3790: g++ -v >&5
Using built-in specs.
COLLECT_GCC=g++
COLLECT_LTO_WRAPPER=/usr/lib/gcc/gcc/i586-poky-linux/4.9.1/lto-wrapper
Target: i586-poky-linux
Configured with: /export/users/neck/iotdk_3.5_dev/workdir/build_edison/tmp/work-shared/gcc-4.9.1-r0/gcc-4.9.1/configure --build=x86_64-linux --host=i586-poky-linux --target=i586-poky-linux --prefix=/usr --exec_prefix=/usr --bindir=/usr/bin --sbindir=/usr/sbin --libexecdir=/usr/lib/gcc --datadir=/usr/share --sysconfdir=/etc --sharedstatedir=/com --localstatedir=/var --libdir=/usr/lib --includedir=/usr/include --oldincludedir=/usr/include --infodir=/usr/share/info --mandir=/usr/share/man --disable-silent-rules --disable-dependency-tracking --with-libtool-sysroot=/export/users/neck/iotdk_3.5_dev/workdir/build_edison/tmp/sysroots/edison --with-gnu-ld --enable-shared --enable-languages=c,c++ --enable-threads=posix --enable-multilib --enable-c99 --enable-long-long --enable-symvers=gnu --enable-libstdcxx-pch --program-prefix=i586-poky-linux- --without-local-prefix --enable-target-optspace --enable-lto --enable-libssp --disable-bootstrap --disable-libmudflap --with-system-zlib --with-linker-hash-style=gnu --enable-linker-build-id --with-ppl=no --with-cloog=no --enable-checking=release --enable-cheaders=c_global --with-sysroot=/ --with-build-sysroot=/export/users/neck/iotdk_3.5_dev/workdir/build_edison/tmp/sysroots/edison --with-native-system-header-dir=/export/users/neck/iotdk_3.5_dev/workdir/build_edison/tmp/sysroots/edison/usr/include --with-gxx-include-dir=/usr/include/c++/4.9.1 --enable-nls --enable-__cxa_atexit
Thread model: posix
gcc version 4.9.1 (GCC) 
configure:3801: $? = 0
configure:3790: g++ -V >&5
g++: error: unrecognized command line option '-V'
g++: fatal error: no input files
compilation terminated.
configure:3801: $? = 1
configure:3790: g++ -qversion >&5
g++: error: unrecognized command line option '-qversion'
g++: fatal error: no input files
compilation terminated.
configure:3801: $? = 1
configure:3805: checking whether we are using the GNU C++ compiler
configure:3824: g++ -c   conftest.cpp >&5
configure:3824: $? = 0
configure:3833: result: yes
configure:3842: checking whether g++ accepts -g
configure:3862: g++ -c -g  conftest.cpp >&5
configure:3862: $? = 0
configure:3903: result: yes
configure:3959: gcc -c   conftest.c >&5
configure:3959: $? = 0
configure:3983: gcc -c   conftest.c >&5
configure:3983: $? = 0
configure:4002: gcc -c   conftest.c >&5
conftest.c:11:2: error: #error Not a supported Sun compiler
 #error Not a supported Sun compiler
  ^
configure:4002: $? = 1
configure: failed program was:
| /* confdefs.h */
| #define PACKAGE_NAME "mongo-c-driver"
| #define PACKAGE_TARNAME "mongo-c-driver"
| #define PACKAGE_VERSION "1.8.1"
| #define PACKAGE_STRING "mongo-c-driver 1.8.1"
| #define PACKAGE_BUGREPORT "https://jira.mongodb.org/browse/CDRIVER"
| #define PACKAGE_URL ""
| /* end confdefs.h.  */
| 
| #if !(defined(__SUNPRO_C))
| #error Not a supported Sun compiler
| #endif
| 
| int
| main ()
| {
| 
|   ;
|   return 0;
| }
configure:4028: checking accept ARG2 => struct sockaddr ARG3 => socklen_t 
configure:4048: gcc -c   -Werror conftest.c >&5
configure:4048: $? = 0
configure:4051: result: ok
configure:4454: gcc -c   conftest.c >&5
configure:4454: $? = 0
configure:4462: checking for an ANSI C-conforming const
configure:4528: gcc -c   conftest.c >&5
configure:4528: $? = 0
configure:4535: result: yes
configure:4543: checking for inline
configure:4559: gcc -c   conftest.c >&5
configure:4559: $? = 0
configure:4567: result: inline
configure:4586: checking for typeof syntax and keyword spelling
configure:4617: gcc -c   conftest.c >&5
configure:4617: $? = 0
configure:4624: result: typeof
configure:4642: checking for perl
configure:4660: found /usr/bin/perl
configure:4672: result: /usr/bin/perl
configure:4686: checking for mv
configure:4704: found /bin/mv
configure:4716: result: /bin/mv
configure:4730: checking for grep
configure:4748: found /bin/grep
configure:4760: result: /bin/grep
configure:4777: checking how to run the C preprocessor
configure:4808: gcc -E  conftest.c
configure:4808: $? = 0
configure:4822: gcc -E  conftest.c
conftest.c:12:28: fatal error: ac_nonexistent.h: No such file or directory
 #include <ac_nonexistent.h>
                            ^
compilation terminated.
configure:4822: $? = 1
configure: failed program was:
| /* confdefs.h */
| #define PACKAGE_NAME "mongo-c-driver"
| #define PACKAGE_TARNAME "mongo-c-driver"
| #define PACKAGE_VERSION "1.8.1"
| #define PACKAGE_STRING "mongo-c-driver 1.8.1"
| #define PACKAGE_BUGREPORT "https://jira.mongodb.org/browse/CDRIVER"
| #define PACKAGE_URL ""
| #define ACCEPT_ARG2 struct sockaddr
| #define ACCEPT_ARG3 socklen_t
| #define HAVE_TYPEOF 1
| /* end confdefs.h.  */
| #include <ac_nonexistent.h>
configure:4847: result: gcc -E
configure:4867: gcc -E  conftest.c
configure:4867: $? = 0
configure:4881: gcc -E  conftest.c
conftest.c:12:28: fatal error: ac_nonexistent.h: No such file or directory
 #include <ac_nonexistent.h>
                            ^
compilation terminated.
configure:4881: $? = 1
configure: failed program was:
| /* confdefs.h */
| #define PACKAGE_NAME "mongo-c-driver"
| #define PACKAGE_TARNAME "mongo-c-driver"
| #define PACKAGE_VERSION "1.8.1"
| #define PACKAGE_STRING "mongo-c-driver 1.8.1"
| #define PACKAGE_BUGREPORT "https://jira.mongodb.org/browse/CDRIVER"
| #define PACKAGE_URL ""
| #define ACCEPT_ARG2 struct sockaddr
| #define ACCEPT_ARG3 socklen_t
| #define HAVE_TYPEOF 1
| /* end confdefs.h.  */
| #include <ac_nonexistent.h>
configure:4910: checking for grep that handles long lines and -e
configure:4968: result: /bin/grep
configure:4973: checking for egrep
configure:5035: result: /bin/grep -E
configure:5040: checking for ANSI C header files
configure:5060: gcc -c   conftest.c >&5
configure:5060: $? = 0
configure:5133: gcc -o conftest    conftest.c  >&5
configure:5133: $? = 0
configure:5133: ./conftest
configure:5133: $? = 0
configure:5144: result: yes
configure:5157: checking for sys/types.h
configure:5157: gcc -c   conftest.c >&5
configure:5157: $? = 0
configure:5157: result: yes
configure:5157: checking for sys/stat.h
configure:5157: gcc -c   conftest.c >&5
configure:5157: $? = 0
configure:5157: result: yes
configure:5157: checking for stdlib.h
configure:5157: gcc -c   conftest.c >&5
configure:5157: $? = 0
configure:5157: result: yes
configure:5157: checking for string.h
configure:5157: gcc -c   conftest.c >&5
configure:5157: $? = 0
configure:5157: result: yes
configure:5157: checking for memory.h
configure:5157: gcc -c   conftest.c >&5
configure:5157: $? = 0
configure:5157: result: yes
configure:5157: checking for strings.h
configure:5157: gcc -c   conftest.c >&5
configure:5157: $? = 0
configure:5157: result: yes
configure:5157: checking for inttypes.h
configure:5157: gcc -c   conftest.c >&5
configure:5157: $? = 0
configure:5157: result: yes
configure:5157: checking for stdint.h
configure:5157: gcc -c   conftest.c >&5
configure:5157: $? = 0
configure:5157: result: yes
configure:5157: checking for unistd.h
configure:5157: gcc -c   conftest.c >&5
configure:5157: $? = 0
configure:5157: result: yes
configure:5175: checking for strings.h
configure:5175: result: yes
configure:5175: checking for unistd.h
configure:5175: result: yes
configure:5175: checking for stdarg.h
configure:5175: gcc -c   conftest.c >&5
configure:5175: $? = 0
configure:5175: result: yes
configure:5199: checking for sphinx-build
configure:5232: result: no
configure:5252: checking for a BSD-compatible install
configure:5320: result: /usr/bin/install -c
configure:5337: checking build system type
configure:5351: result: i686-pc-linux-gnu
configure:5371: checking host system type
configure:5384: result: i686-pc-linux-gnu
configure:5459: checking target system type
configure:5472: result: i686-pc-linux-gnu
configure:5913: checking how to print strings
configure:5940: result: printf
configure:5961: checking for a sed that does not truncate output
configure:6025: result: /bin/sed
configure:6043: checking for fgrep
configure:6105: result: /bin/grep -F
configure:6140: checking for ld used by gcc
configure:6207: result: /usr/i586-poky-linux/bin/ld
configure:6214: checking if the linker (/usr/i586-poky-linux/bin/ld) is GNU ld
configure:6229: result: yes
configure:6241: checking for BSD- or MS-compatible name lister (nm)
configure:6295: result: /usr/bin/nm -B
configure:6425: checking the name lister (/usr/bin/nm -B) interface
configure:6432: gcc -c   conftest.c >&5
configure:6435: /usr/bin/nm -B "conftest.o"
configure:6438: output
00000000 B some_variable
configure:6445: result: BSD nm
configure:6448: checking whether ln -s works
configure:6452: result: yes
configure:6460: checking the maximum length of command line arguments
configure:6591: result: 32768
configure:6639: checking how to convert i686-pc-linux-gnu file names to i686-pc-linux-gnu format
configure:6679: result: func_convert_file_noop
configure:6686: checking how to convert i686-pc-linux-gnu file names to toolchain format
configure:6706: result: func_convert_file_noop
configure:6713: checking for /usr/i586-poky-linux/bin/ld option to reload object files
configure:6720: result: -r
configure:6794: checking for objdump
configure:6821: result: objdump
configure:6850: checking how to recognize dependent libraries
configure:7050: result: pass_all
configure:7135: checking for dlltool
configure:7162: result: dlltool
configure:7192: checking how to associate runtime and link libraries
configure:7219: result: printf %s\n
configure:7279: checking for ar
configure:7295: found /usr/bin/ar
configure:7306: result: ar
configure:7343: checking for archiver @FILE support
configure:7360: gcc -c   conftest.c >&5
configure:7360: $? = 0
configure:7363: ar cru libconftest.a @conftest.lst >&5
configure:7366: $? = 0
configure:7371: ar cru libconftest.a @conftest.lst >&5
ar: conftest.o: No such file or directory
configure:7374: $? = 1
configure:7386: result: @
configure:7444: checking for strip
configure:7460: found /usr/bin/strip
configure:7471: result: strip
configure:7543: checking for ranlib
configure:7559: found /usr/bin/ranlib
configure:7570: result: ranlib
configure:7647: checking for gawk
configure:7663: found /usr/bin/gawk
configure:7674: result: gawk
configure:7714: checking command to parse /usr/bin/nm -B output from gcc object
configure:7867: gcc -c   conftest.c >&5
configure:7870: $? = 0
configure:7874: /usr/bin/nm -B conftest.o \| sed -n -e 's/^.*[ ]\([ABCDGIRSTW][ABCDGIRSTW]*\)[ ][ ]*\([_A-Za-z][_A-Za-z0-9]*\)$/\1 \2 \2/p' | sed '/ __gnu_lto/d' \> conftest.nm
configure:7877: $? = 0
configure:7943: gcc -o conftest    conftest.c conftstm.o >&5
configure:7946: $? = 0
configure:7984: result: ok
configure:8031: checking for sysroot
configure:8061: result: no
configure:8068: checking for a working dd
configure:8106: result: /bin/dd
configure:8110: checking how to truncate binary pipes
configure:8125: result: /bin/dd bs=4096 count=1
configure:8454: checking for mt
configure:8484: result: no
configure:8504: checking if : is a manifest tool
configure:8510: : '-?'
configure:8518: result: no
configure:9192: checking for dlfcn.h
configure:9192: gcc -c   conftest.c >&5
configure:9192: $? = 0
configure:9192: result: yes
configure:9427: checking for objdir
configure:9442: result: .libs
configure:9706: checking if gcc supports -fno-rtti -fno-exceptions
configure:9724: gcc -c   -fno-rtti -fno-exceptions conftest.c >&5
cc1: warning: command line option '-fno-rtti' is valid for C++/ObjC++ but not for C
configure:9728: $? = 0
configure:9741: result: no
configure:10099: checking for gcc option to produce PIC
configure:10106: result: -fPIC -DPIC
configure:10114: checking if gcc PIC flag -fPIC -DPIC works
configure:10132: gcc -c   -fPIC -DPIC -DPIC conftest.c >&5
configure:10136: $? = 0
configure:10149: result: yes
configure:10178: checking if gcc static flag -static works
configure:10206: result: no
configure:10221: checking if gcc supports -c -o file.o
configure:10242: gcc -c   -o out/conftest2.o conftest.c >&5
configure:10246: $? = 0
configure:10268: result: yes
configure:10276: checking if gcc supports -c -o file.o
configure:10323: result: yes
configure:10356: checking whether the gcc linker (/usr/i586-poky-linux/bin/ld) supports shared libraries
configure:11619: result: yes
configure:11656: checking whether -lc should be explicitly linked in
configure:11664: gcc -c   conftest.c >&5
configure:11667: $? = 0
configure:11682: gcc -shared  -fPIC -DPIC conftest.o  -v -Wl,-soname -Wl,conftest -o conftest 2\>\&1 \| /bin/grep  -lc  \>/dev/null 2\>\&1
configure:11685: $? = 0
configure:11699: result: no
configure:11859: checking dynamic linker characteristics
configure:12440: gcc -o conftest    -Wl,-rpath -Wl,/foo conftest.c  >&5
configure:12440: $? = 0
configure:12689: result: GNU/Linux ld.so
configure:12811: checking how to hardcode library paths into programs
configure:12836: result: immediate
configure:13384: checking whether stripping libraries is possible
configure:13389: result: yes
configure:13424: checking if libtool supports shared libraries
configure:13426: result: yes
configure:13429: checking whether to build shared libraries
configure:13454: result: yes
configure:13457: checking whether to build static libraries
configure:13461: result: no
configure:13484: checking how to run the C++ preprocessor
configure:13511: g++ -E  conftest.cpp
configure:13511: $? = 0
configure:13525: g++ -E  conftest.cpp
conftest.cpp:27:28: fatal error: ac_nonexistent.h: No such file or directory
 #include <ac_nonexistent.h>
                            ^
compilation terminated.
configure:13525: $? = 1
configure: failed program was:
| /* confdefs.h */
| #define PACKAGE_NAME "mongo-c-driver"
| #define PACKAGE_TARNAME "mongo-c-driver"
| #define PACKAGE_VERSION "1.8.1"
| #define PACKAGE_STRING "mongo-c-driver 1.8.1"
| #define PACKAGE_BUGREPORT "https://jira.mongodb.org/browse/CDRIVER"
| #define PACKAGE_URL ""
| #define ACCEPT_ARG2 struct sockaddr
| #define ACCEPT_ARG3 socklen_t
| #define HAVE_TYPEOF 1
| #define STDC_HEADERS 1
| #define HAVE_SYS_TYPES_H 1
| #define HAVE_SYS_STAT_H 1
| #define HAVE_STDLIB_H 1
| #define HAVE_STRING_H 1
| #define HAVE_MEMORY_H 1
| #define HAVE_STRINGS_H 1
| #define HAVE_INTTYPES_H 1
| #define HAVE_STDINT_H 1
| #define HAVE_UNISTD_H 1
| #define HAVE_STRINGS_H 1
| #define HAVE_UNISTD_H 1
| #define HAVE_STDARG_H 1
| #define HAVE_DLFCN_H 1
| #define LT_OBJDIR ".libs/"
| /* end confdefs.h.  */
| #include <ac_nonexistent.h>
configure:13550: result: g++ -E
configure:13570: g++ -E  conftest.cpp
configure:13570: $? = 0
configure:13584: g++ -E  conftest.cpp
conftest.cpp:27:28: fatal error: ac_nonexistent.h: No such file or directory
 #include <ac_nonexistent.h>
                            ^
compilation terminated.
configure:13584: $? = 1
configure: failed program was:
| /* confdefs.h */
| #define PACKAGE_NAME "mongo-c-driver"
| #define PACKAGE_TARNAME "mongo-c-driver"
| #define PACKAGE_VERSION "1.8.1"
| #define PACKAGE_STRING "mongo-c-driver 1.8.1"
| #define PACKAGE_BUGREPORT "https://jira.mongodb.org/browse/CDRIVER"
| #define PACKAGE_URL ""
| #define ACCEPT_ARG2 struct sockaddr
| #define ACCEPT_ARG3 socklen_t
| #define HAVE_TYPEOF 1
| #define STDC_HEADERS 1
| #define HAVE_SYS_TYPES_H 1
| #define HAVE_SYS_STAT_H 1
| #define HAVE_STDLIB_H 1
| #define HAVE_STRING_H 1
| #define HAVE_MEMORY_H 1
| #define HAVE_STRINGS_H 1
| #define HAVE_INTTYPES_H 1
| #define HAVE_STDINT_H 1
| #define HAVE_UNISTD_H 1
| #define HAVE_STRINGS_H 1
| #define HAVE_UNISTD_H 1
| #define HAVE_STDARG_H 1
| #define HAVE_DLFCN_H 1
| #define LT_OBJDIR ".libs/"
| /* end confdefs.h.  */
| #include <ac_nonexistent.h>
configure:13746: checking for ld used by g++
configure:13813: result: /usr/i586-poky-linux/bin/ld
configure:13820: checking if the linker (/usr/i586-poky-linux/bin/ld) is GNU ld
configure:13835: result: yes
configure:13890: checking whether the g++ linker (/usr/i586-poky-linux/bin/ld) supports shared libraries
configure:14963: result: yes
configure:14999: g++ -c   conftest.cpp >&5
configure:15002: $? = 0
configure:15483: checking for g++ option to produce PIC
configure:15490: result: -fPIC -DPIC
configure:15498: checking if g++ PIC flag -fPIC -DPIC works
configure:15516: g++ -c   -fPIC -DPIC -DPIC conftest.cpp >&5
configure:15520: $? = 0
configure:15533: result: yes
configure:15556: checking if g++ static flag -static works
configure:15584: result: no
configure:15596: checking if g++ supports -c -o file.o
configure:15617: g++ -c   -o out/conftest2.o conftest.cpp >&5
configure:15621: $? = 0
configure:15643: result: yes
configure:15648: checking if g++ supports -c -o file.o
configure:15695: result: yes
configure:15725: checking whether the g++ linker (/usr/i586-poky-linux/bin/ld) supports shared libraries
configure:15768: result: yes
configure:15909: checking dynamic linker characteristics
configure:16666: result: GNU/Linux ld.so
configure:16731: checking how to hardcode library paths into programs
configure:16756: result: immediate
configure:16820: checking whether to do a debug build
configure:16829: result: no
configure:16832: checking whether to enable tracing
configure:16841: result: no
configure:16844: checking whether to automatic init and cleanup
configure:16853: result: no
configure:16856: checking whether to enable optimized builds
configure:16871: result: yes
configure:16874: checking whether to enable shared memory performance counters
configure:16883: result: yes
configure:16886: checking whether to enable code coverage support
configure:16895: result: no
configure:16898: checking whether to enable debug symbols
configure:16919: result: no
configure:17078: checking for pkg-config
configure:17096: found /usr/bin/pkg-config
configure:17108: result: /usr/bin/pkg-config
configure:17133: checking pkg-config is at least version 0.9.0
configure:17136: result: yes
configure:17254: checking for SASL
configure:17261: $PKG_CONFIG --exists --print-errors "libsasl2"
Package libsasl2 was not found in the pkg-config search path.
Perhaps you should add the directory containing `libsasl2.pc'
to the PKG_CONFIG_PATH environment variable
No package 'libsasl2' found
configure:17264: $? = 1
configure:17278: $PKG_CONFIG --exists --print-errors "libsasl2"
Package libsasl2 was not found in the pkg-config search path.
Perhaps you should add the directory containing `libsasl2.pc'
to the PKG_CONFIG_PATH environment variable
No package 'libsasl2' found
configure:17281: $? = 1
configure:17295: result: no
No package 'libsasl2' found
configure:17314: checking for sasl_client_init in -lsasl2
configure:17339: gcc -o conftest    conftest.c -lsasl2   >&5
/usr/lib/gcc/i586-poky-linux/4.9.1/../../../../i586-poky-linux/bin/ld: cannot find -lsasl2
collect2: error: ld returned 1 exit status
configure:17339: $? = 1
configure: failed program was:
| /* confdefs.h */
| #define PACKAGE_NAME "mongo-c-driver"
| #define PACKAGE_TARNAME "mongo-c-driver"
| #define PACKAGE_VERSION "1.8.1"
| #define PACKAGE_STRING "mongo-c-driver 1.8.1"
| #define PACKAGE_BUGREPORT "https://jira.mongodb.org/browse/CDRIVER"
| #define PACKAGE_URL ""
| #define ACCEPT_ARG2 struct sockaddr
| #define ACCEPT_ARG3 socklen_t
| #define HAVE_TYPEOF 1
| #define STDC_HEADERS 1
| #define HAVE_SYS_TYPES_H 1
| #define HAVE_SYS_STAT_H 1
| #define HAVE_STDLIB_H 1
| #define HAVE_STRING_H 1
| #define HAVE_MEMORY_H 1
| #define HAVE_STRINGS_H 1
| #define HAVE_INTTYPES_H 1
| #define HAVE_STDINT_H 1
| #define HAVE_UNISTD_H 1
| #define HAVE_STRINGS_H 1
| #define HAVE_UNISTD_H 1
| #define HAVE_STDARG_H 1
| #define HAVE_DLFCN_H 1
| #define LT_OBJDIR ".libs/"
| /* end confdefs.h.  */
| 
| /* Override any GCC internal prototype to avoid an error.
|    Use char because int might match the return type of a GCC
|    builtin and then its argument prototype would still apply.  */
| #ifdef __cplusplus
| extern "C"
| #endif
| char sasl_client_init ();
| int
| main ()
| {
| return sasl_client_init ();
|   ;
|   return 0;
| }
configure:17348: result: no
configure:17356: checking for sasl_client_init in -lsasl
configure:17381: gcc -o conftest    conftest.c -lsasl   >&5
/usr/lib/gcc/i586-poky-linux/4.9.1/../../../../i586-poky-linux/bin/ld: cannot find -lsasl
collect2: error: ld returned 1 exit status
configure:17381: $? = 1
configure: failed program was:
| /* confdefs.h */
| #define PACKAGE_NAME "mongo-c-driver"
| #define PACKAGE_TARNAME "mongo-c-driver"
| #define PACKAGE_VERSION "1.8.1"
| #define PACKAGE_STRING "mongo-c-driver 1.8.1"
| #define PACKAGE_BUGREPORT "https://jira.mongodb.org/browse/CDRIVER"
| #define PACKAGE_URL ""
| #define ACCEPT_ARG2 struct sockaddr
| #define ACCEPT_ARG3 socklen_t
| #define HAVE_TYPEOF 1
| #define STDC_HEADERS 1
| #define HAVE_SYS_TYPES_H 1
| #define HAVE_SYS_STAT_H 1
| #define HAVE_STDLIB_H 1
| #define HAVE_STRING_H 1
| #define HAVE_MEMORY_H 1
| #define HAVE_STRINGS_H 1
| #define HAVE_INTTYPES_H 1
| #define HAVE_STDINT_H 1
| #define HAVE_UNISTD_H 1
| #define HAVE_STRINGS_H 1
| #define HAVE_UNISTD_H 1
| #define HAVE_STDARG_H 1
| #define HAVE_DLFCN_H 1
| #define LT_OBJDIR ".libs/"
| /* end confdefs.h.  */
| 
| /* Override any GCC internal prototype to avoid an error.
|    Use char because int might match the return type of a GCC
|    builtin and then its argument prototype would still apply.  */
| #ifdef __cplusplus
| extern "C"
| #endif
| char sasl_client_init ();
| int
| main ()
| {
| return sasl_client_init ();
|   ;
|   return 0;
| }
configure:17390: result: no
configure:17404: checking sasl/sasl.h usability
configure:17404: gcc -c   conftest.c >&5
conftest.c:60:23: fatal error: sasl/sasl.h: No such file or directory
 #include <sasl/sasl.h>
                       ^
compilation terminated.
configure:17404: $? = 1
configure: failed program was:
| /* confdefs.h */
| #define PACKAGE_NAME "mongo-c-driver"
| #define PACKAGE_TARNAME "mongo-c-driver"
| #define PACKAGE_VERSION "1.8.1"
| #define PACKAGE_STRING "mongo-c-driver 1.8.1"
| #define PACKAGE_BUGREPORT "https://jira.mongodb.org/browse/CDRIVER"
| #define PACKAGE_URL ""
| #define ACCEPT_ARG2 struct sockaddr
| #define ACCEPT_ARG3 socklen_t
| #define HAVE_TYPEOF 1
| #define STDC_HEADERS 1
| #define HAVE_SYS_TYPES_H 1
| #define HAVE_SYS_STAT_H 1
| #define HAVE_STDLIB_H 1
| #define HAVE_STRING_H 1
| #define HAVE_MEMORY_H 1
| #define HAVE_STRINGS_H 1
| #define HAVE_INTTYPES_H 1
| #define HAVE_STDINT_H 1
| #define HAVE_UNISTD_H 1
| #define HAVE_STRINGS_H 1
| #define HAVE_UNISTD_H 1
| #define HAVE_STDARG_H 1
| #define HAVE_DLFCN_H 1
| #define LT_OBJDIR ".libs/"
| /* end confdefs.h.  */
| #include <stdio.h>
| #ifdef HAVE_SYS_TYPES_H
| # include <sys/types.h>
| #endif
| #ifdef HAVE_SYS_STAT_H
| # include <sys/stat.h>
| #endif
| #ifdef STDC_HEADERS
| # include <stdlib.h>
| # include <stddef.h>
| #else
| # ifdef HAVE_STDLIB_H
| #  include <stdlib.h>
| # endif
| #endif
| #ifdef HAVE_STRING_H
| # if !defined STDC_HEADERS && defined HAVE_MEMORY_H
| #  include <memory.h>
| # endif
| # include <string.h>
| #endif
| #ifdef HAVE_STRINGS_H
| # include <strings.h>
| #endif
| #ifdef HAVE_INTTYPES_H
| # include <inttypes.h>
| #endif
| #ifdef HAVE_STDINT_H
| # include <stdint.h>
| #endif
| #ifdef HAVE_UNISTD_H
| # include <unistd.h>
| #endif
| #include <sasl/sasl.h>
configure:17404: result: no
configure:17404: checking sasl/sasl.h presence
configure:17404: gcc -E  conftest.c
conftest.c:27:23: fatal error: sasl/sasl.h: No such file or directory
 #include <sasl/sasl.h>
                       ^
compilation terminated.
configure:17404: $? = 1
configure: failed program was:
| /* confdefs.h */
| #define PACKAGE_NAME "mongo-c-driver"
| #define PACKAGE_TARNAME "mongo-c-driver"
| #define PACKAGE_VERSION "1.8.1"
| #define PACKAGE_STRING "mongo-c-driver 1.8.1"
| #define PACKAGE_BUGREPORT "https://jira.mongodb.org/browse/CDRIVER"
| #define PACKAGE_URL ""
| #define ACCEPT_ARG2 struct sockaddr
| #define ACCEPT_ARG3 socklen_t
| #define HAVE_TYPEOF 1
| #define STDC_HEADERS 1
| #define HAVE_SYS_TYPES_H 1
| #define HAVE_SYS_STAT_H 1
| #define HAVE_STDLIB_H 1
| #define HAVE_STRING_H 1
| #define HAVE_MEMORY_H 1
| #define HAVE_STRINGS_H 1
| #define HAVE_INTTYPES_H 1
| #define HAVE_STDINT_H 1
| #define HAVE_UNISTD_H 1
| #define HAVE_STRINGS_H 1
| #define HAVE_UNISTD_H 1
| #define HAVE_STDARG_H 1
| #define HAVE_DLFCN_H 1
| #define LT_OBJDIR ".libs/"
| /* end confdefs.h.  */
| #include <sasl/sasl.h>
configure:17404: result: no
configure:17404: checking for sasl/sasl.h
configure:17404: result: no
configure:17718: checking for SNAPPY
configure:17725: $PKG_CONFIG --exists --print-errors "snappy"
Package snappy was not found in the pkg-config search path.
Perhaps you should add the directory containing `snappy.pc'
to the PKG_CONFIG_PATH environment variable
No package 'snappy' found
configure:17728: $? = 1
configure:17742: $PKG_CONFIG --exists --print-errors "snappy"
Package snappy was not found in the pkg-config search path.
Perhaps you should add the directory containing `snappy.pc'
to the PKG_CONFIG_PATH environment variable
No package 'snappy' found
configure:17745: $? = 1
configure:17759: result: no
No package 'snappy' found
configure:17779: checking for snappy_uncompress in -lsnappy
configure:17804: gcc -o conftest    conftest.c -lsnappy   >&5
/usr/lib/gcc/i586-poky-linux/4.9.1/../../../../i586-poky-linux/bin/ld: cannot find -lsnappy
collect2: error: ld returned 1 exit status
configure:17804: $? = 1
configure: failed program was:
| /* confdefs.h */
| #define PACKAGE_NAME "mongo-c-driver"
| #define PACKAGE_TARNAME "mongo-c-driver"
| #define PACKAGE_VERSION "1.8.1"
| #define PACKAGE_STRING "mongo-c-driver 1.8.1"
| #define PACKAGE_BUGREPORT "https://jira.mongodb.org/browse/CDRIVER"
| #define PACKAGE_URL ""
| #define ACCEPT_ARG2 struct sockaddr
| #define ACCEPT_ARG3 socklen_t
| #define HAVE_TYPEOF 1
| #define STDC_HEADERS 1
| #define HAVE_SYS_TYPES_H 1
| #define HAVE_SYS_STAT_H 1
| #define HAVE_STDLIB_H 1
| #define HAVE_STRING_H 1
| #define HAVE_MEMORY_H 1
| #define HAVE_STRINGS_H 1
| #define HAVE_INTTYPES_H 1
| #define HAVE_STDINT_H 1
| #define HAVE_UNISTD_H 1
| #define HAVE_STRINGS_H 1
| #define HAVE_UNISTD_H 1
| #define HAVE_STDARG_H 1
| #define HAVE_DLFCN_H 1
| #define LT_OBJDIR ".libs/"
| /* end confdefs.h.  */
| 
| /* Override any GCC internal prototype to avoid an error.
|    Use char because int might match the return type of a GCC
|    builtin and then its argument prototype would still apply.  */
| #ifdef __cplusplus
| extern "C"
| #endif
| char snappy_uncompress ();
| int
| main ()
| {
| return snappy_uncompress ();
|   ;
|   return 0;
| }
configure:17813: result: no
configure:17928: checking whether to enable bundled snappy
configure:17930: result: yes
configure:17937: checking for stdint.h
configure:17937: result: yes
configure:17937: checking stddef.h usability
configure:17937: gcc -c   conftest.c >&5
configure:17937: $? = 0
configure:17937: result: yes
configure:17937: checking stddef.h presence
configure:17937: gcc -E  conftest.c
configure:17937: $? = 0
configure:17937: result: yes
configure:17937: checking for stddef.h
configure:17937: result: yes
configure:17937: checking sys/mman.h usability
configure:17937: gcc -c   conftest.c >&5
configure:17937: $? = 0
configure:17937: result: yes
configure:17937: checking sys/mman.h presence
configure:17937: gcc -E  conftest.c
configure:17937: $? = 0
configure:17937: result: yes
configure:17937: checking for sys/mman.h
configure:17937: result: yes
configure:17937: checking sys/resource.h usability
configure:17937: gcc -c   conftest.c >&5
configure:17937: $? = 0
configure:17937: result: yes
configure:17937: checking sys/resource.h presence
configure:17937: gcc -E  conftest.c
configure:17937: $? = 0
configure:17937: result: yes
configure:17937: checking for sys/resource.h
configure:17937: result: yes
configure:17937: checking sys/uio.h usability
configure:17937: gcc -c   conftest.c >&5
configure:17937: $? = 0
configure:17937: result: yes
configure:17937: checking sys/uio.h presence
configure:17937: gcc -E  conftest.c
configure:17937: $? = 0
configure:17937: result: yes
configure:17937: checking for sys/uio.h
configure:17937: result: yes
configure:17937: checking windows.h usability
configure:17937: gcc -c   conftest.c >&5
conftest.c:65:21: fatal error: windows.h: No such file or directory
 #include <windows.h>
                     ^
compilation terminated.
configure:17937: $? = 1
configure: failed program was:
| /* confdefs.h */
| #define PACKAGE_NAME "mongo-c-driver"
| #define PACKAGE_TARNAME "mongo-c-driver"
| #define PACKAGE_VERSION "1.8.1"
| #define PACKAGE_STRING "mongo-c-driver 1.8.1"
| #define PACKAGE_BUGREPORT "https://jira.mongodb.org/browse/CDRIVER"
| #define PACKAGE_URL ""
| #define ACCEPT_ARG2 struct sockaddr
| #define ACCEPT_ARG3 socklen_t
| #define HAVE_TYPEOF 1
| #define STDC_HEADERS 1
| #define HAVE_SYS_TYPES_H 1
| #define HAVE_SYS_STAT_H 1
| #define HAVE_STDLIB_H 1
| #define HAVE_STRING_H 1
| #define HAVE_MEMORY_H 1
| #define HAVE_STRINGS_H 1
| #define HAVE_INTTYPES_H 1
| #define HAVE_STDINT_H 1
| #define HAVE_UNISTD_H 1
| #define HAVE_STRINGS_H 1
| #define HAVE_UNISTD_H 1
| #define HAVE_STDARG_H 1
| #define HAVE_DLFCN_H 1
| #define LT_OBJDIR ".libs/"
| #define HAVE_STDINT_H 1
| #define HAVE_STDDEF_H 1
| #define HAVE_SYS_MMAN_H 1
| #define HAVE_SYS_RESOURCE_H 1
| #define HAVE_SYS_UIO_H 1
| /* end confdefs.h.  */
| #include <stdio.h>
| #ifdef HAVE_SYS_TYPES_H
| # include <sys/types.h>
| #endif
| #ifdef HAVE_SYS_STAT_H
| # include <sys/stat.h>
| #endif
| #ifdef STDC_HEADERS
| # include <stdlib.h>
| # include <stddef.h>
| #else
| # ifdef HAVE_STDLIB_H
| #  include <stdlib.h>
| # endif
| #endif
| #ifdef HAVE_STRING_H
| # if !defined STDC_HEADERS && defined HAVE_MEMORY_H
| #  include <memory.h>
| # endif
| # include <string.h>
| #endif
| #ifdef HAVE_STRINGS_H
| # include <strings.h>
| #endif
| #ifdef HAVE_INTTYPES_H
| # include <inttypes.h>
| #endif
| #ifdef HAVE_STDINT_H
| # include <stdint.h>
| #endif
| #ifdef HAVE_UNISTD_H
| # include <unistd.h>
| #endif
| #include <windows.h>
configure:17937: result: no
configure:17937: checking windows.h presence
configure:17937: gcc -E  conftest.c
conftest.c:32:21: fatal error: windows.h: No such file or directory
 #include <windows.h>
                     ^
compilation terminated.
configure:17937: $? = 1
configure: failed program was:
| /* confdefs.h */
| #define PACKAGE_NAME "mongo-c-driver"
| #define PACKAGE_TARNAME "mongo-c-driver"
| #define PACKAGE_VERSION "1.8.1"
| #define PACKAGE_STRING "mongo-c-driver 1.8.1"
| #define PACKAGE_BUGREPORT "https://jira.mongodb.org/browse/CDRIVER"
| #define PACKAGE_URL ""
| #define ACCEPT_ARG2 struct sockaddr
| #define ACCEPT_ARG3 socklen_t
| #define HAVE_TYPEOF 1
| #define STDC_HEADERS 1
| #define HAVE_SYS_TYPES_H 1
| #define HAVE_SYS_STAT_H 1
| #define HAVE_STDLIB_H 1
| #define HAVE_STRING_H 1
| #define HAVE_MEMORY_H 1
| #define HAVE_STRINGS_H 1
| #define HAVE_INTTYPES_H 1
| #define HAVE_STDINT_H 1
| #define HAVE_UNISTD_H 1
| #define HAVE_STRINGS_H 1
| #define HAVE_UNISTD_H 1
| #define HAVE_STDARG_H 1
| #define HAVE_DLFCN_H 1
| #define LT_OBJDIR ".libs/"
| #define HAVE_STDINT_H 1
| #define HAVE_STDDEF_H 1
| #define HAVE_SYS_MMAN_H 1
| #define HAVE_SYS_RESOURCE_H 1
| #define HAVE_SYS_UIO_H 1
| /* end confdefs.h.  */
| #include <windows.h>
configure:17937: result: no
configure:17937: checking for windows.h
configure:17937: result: no
configure:17937: checking byteswap.h usability
configure:17937: gcc -c   conftest.c >&5
configure:17937: $? = 0
configure:17937: result: yes
configure:17937: checking byteswap.h presence
configure:17937: gcc -E  conftest.c
configure:17937: $? = 0
configure:17937: result: yes
configure:17937: checking for byteswap.h
configure:17937: result: yes
configure:17937: checking sys/byteswap.h usability
configure:17937: gcc -c   conftest.c >&5
conftest.c:66:26: fatal error: sys/byteswap.h: No such file or directory
 #include <sys/byteswap.h>
                          ^
compilation terminated.
configure:17937: $? = 1
configure: failed program was:
| /* confdefs.h */
| #define PACKAGE_NAME "mongo-c-driver"
| #define PACKAGE_TARNAME "mongo-c-driver"
| #define PACKAGE_VERSION "1.8.1"
| #define PACKAGE_STRING "mongo-c-driver 1.8.1"
| #define PACKAGE_BUGREPORT "https://jira.mongodb.org/browse/CDRIVER"
| #define PACKAGE_URL ""
| #define ACCEPT_ARG2 struct sockaddr
| #define ACCEPT_ARG3 socklen_t
| #define HAVE_TYPEOF 1
| #define STDC_HEADERS 1
| #define HAVE_SYS_TYPES_H 1
| #define HAVE_SYS_STAT_H 1
| #define HAVE_STDLIB_H 1
| #define HAVE_STRING_H 1
| #define HAVE_MEMORY_H 1
| #define HAVE_STRINGS_H 1
| #define HAVE_INTTYPES_H 1
| #define HAVE_STDINT_H 1
| #define HAVE_UNISTD_H 1
| #define HAVE_STRINGS_H 1
| #define HAVE_UNISTD_H 1
| #define HAVE_STDARG_H 1
| #define HAVE_DLFCN_H 1
| #define LT_OBJDIR ".libs/"
| #define HAVE_STDINT_H 1
| #define HAVE_STDDEF_H 1
| #define HAVE_SYS_MMAN_H 1
| #define HAVE_SYS_RESOURCE_H 1
| #define HAVE_SYS_UIO_H 1
| #define HAVE_BYTESWAP_H 1
| /* end confdefs.h.  */
| #include <stdio.h>
| #ifdef HAVE_SYS_TYPES_H
| # include <sys/types.h>
| #endif
| #ifdef HAVE_SYS_STAT_H
| # include <sys/stat.h>
| #endif
| #ifdef STDC_HEADERS
| # include <stdlib.h>
| # include <stddef.h>
| #else
| # ifdef HAVE_STDLIB_H
| #  include <stdlib.h>
| # endif
| #endif
| #ifdef HAVE_STRING_H
| # if !defined STDC_HEADERS && defined HAVE_MEMORY_H
| #  include <memory.h>
| # endif
| # include <string.h>
| #endif
| #ifdef HAVE_STRINGS_H
| # include <strings.h>
| #endif
| #ifdef HAVE_INTTYPES_H
| # include <inttypes.h>
| #endif
| #ifdef HAVE_STDINT_H
| # include <stdint.h>
| #endif
| #ifdef HAVE_UNISTD_H
| # include <unistd.h>
| #endif
| #include <sys/byteswap.h>
configure:17937: result: no
configure:17937: checking sys/byteswap.h presence
configure:17937: gcc -E  conftest.c
conftest.c:33:26: fatal error: sys/byteswap.h: No such file or directory
 #include <sys/byteswap.h>
                          ^
compilation terminated.
configure:17937: $? = 1
configure: failed program was:
| /* confdefs.h */
| #define PACKAGE_NAME "mongo-c-driver"
| #define PACKAGE_TARNAME "mongo-c-driver"
| #define PACKAGE_VERSION "1.8.1"
| #define PACKAGE_STRING "mongo-c-driver 1.8.1"
| #define PACKAGE_BUGREPORT "https://jira.mongodb.org/browse/CDRIVER"
| #define PACKAGE_URL ""
| #define ACCEPT_ARG2 struct sockaddr
| #define ACCEPT_ARG3 socklen_t
| #define HAVE_TYPEOF 1
| #define STDC_HEADERS 1
| #define HAVE_SYS_TYPES_H 1
| #define HAVE_SYS_STAT_H 1
| #define HAVE_STDLIB_H 1
| #define HAVE_STRING_H 1
| #define HAVE_MEMORY_H 1
| #define HAVE_STRINGS_H 1
| #define HAVE_INTTYPES_H 1
| #define HAVE_STDINT_H 1
| #define HAVE_UNISTD_H 1
| #define HAVE_STRINGS_H 1
| #define HAVE_UNISTD_H 1
| #define HAVE_STDARG_H 1
| #define HAVE_DLFCN_H 1
| #define LT_OBJDIR ".libs/"
| #define HAVE_STDINT_H 1
| #define HAVE_STDDEF_H 1
| #define HAVE_SYS_MMAN_H 1
| #define HAVE_SYS_RESOURCE_H 1
| #define HAVE_SYS_UIO_H 1
| #define HAVE_BYTESWAP_H 1
| /* end confdefs.h.  */
| #include <sys/byteswap.h>
configure:17937: result: no
configure:17937: checking for sys/byteswap.h
configure:17937: result: no
configure:17937: checking sys/endian.h usability
configure:17937: gcc -c   conftest.c >&5
conftest.c:66:24: fatal error: sys/endian.h: No such file or directory
 #include <sys/endian.h>
                        ^
compilation terminated.
configure:17937: $? = 1
configure: failed program was:
| /* confdefs.h */
| #define PACKAGE_NAME "mongo-c-driver"
| #define PACKAGE_TARNAME "mongo-c-driver"
| #define PACKAGE_VERSION "1.8.1"
| #define PACKAGE_STRING "mongo-c-driver 1.8.1"
| #define PACKAGE_BUGREPORT "https://jira.mongodb.org/browse/CDRIVER"
| #define PACKAGE_URL ""
| #define ACCEPT_ARG2 struct sockaddr
| #define ACCEPT_ARG3 socklen_t
| #define HAVE_TYPEOF 1
| #define STDC_HEADERS 1
| #define HAVE_SYS_TYPES_H 1
| #define HAVE_SYS_STAT_H 1
| #define HAVE_STDLIB_H 1
| #define HAVE_STRING_H 1
| #define HAVE_MEMORY_H 1
| #define HAVE_STRINGS_H 1
| #define HAVE_INTTYPES_H 1
| #define HAVE_STDINT_H 1
| #define HAVE_UNISTD_H 1
| #define HAVE_STRINGS_H 1
| #define HAVE_UNISTD_H 1
| #define HAVE_STDARG_H 1
| #define HAVE_DLFCN_H 1
| #define LT_OBJDIR ".libs/"
| #define HAVE_STDINT_H 1
| #define HAVE_STDDEF_H 1
| #define HAVE_SYS_MMAN_H 1
| #define HAVE_SYS_RESOURCE_H 1
| #define HAVE_SYS_UIO_H 1
| #define HAVE_BYTESWAP_H 1
| /* end confdefs.h.  */
| #include <stdio.h>
| #ifdef HAVE_SYS_TYPES_H
| # include <sys/types.h>
| #endif
| #ifdef HAVE_SYS_STAT_H
| # include <sys/stat.h>
| #endif
| #ifdef STDC_HEADERS
| # include <stdlib.h>
| # include <stddef.h>
| #else
| # ifdef HAVE_STDLIB_H
| #  include <stdlib.h>
| # endif
| #endif
| #ifdef HAVE_STRING_H
| # if !defined STDC_HEADERS && defined HAVE_MEMORY_H
| #  include <memory.h>
| # endif
| # include <string.h>
| #endif
| #ifdef HAVE_STRINGS_H
| # include <strings.h>
| #endif
| #ifdef HAVE_INTTYPES_H
| # include <inttypes.h>
| #endif
| #ifdef HAVE_STDINT_H
| # include <stdint.h>
| #endif
| #ifdef HAVE_UNISTD_H
| # include <unistd.h>
| #endif
| #include <sys/endian.h>
configure:17937: result: no
configure:17937: checking sys/endian.h presence
configure:17937: gcc -E  conftest.c
conftest.c:33:24: fatal error: sys/endian.h: No such file or directory
 #include <sys/endian.h>
                        ^
compilation terminated.
configure:17937: $? = 1
configure: failed program was:
| /* confdefs.h */
| #define PACKAGE_NAME "mongo-c-driver"
| #define PACKAGE_TARNAME "mongo-c-driver"
| #define PACKAGE_VERSION "1.8.1"
| #define PACKAGE_STRING "mongo-c-driver 1.8.1"
| #define PACKAGE_BUGREPORT "https://jira.mongodb.org/browse/CDRIVER"
| #define PACKAGE_URL ""
| #define ACCEPT_ARG2 struct sockaddr
| #define ACCEPT_ARG3 socklen_t
| #define HAVE_TYPEOF 1
| #define STDC_HEADERS 1
| #define HAVE_SYS_TYPES_H 1
| #define HAVE_SYS_STAT_H 1
| #define HAVE_STDLIB_H 1
| #define HAVE_STRING_H 1
| #define HAVE_MEMORY_H 1
| #define HAVE_STRINGS_H 1
| #define HAVE_INTTYPES_H 1
| #define HAVE_STDINT_H 1
| #define HAVE_UNISTD_H 1
| #define HAVE_STRINGS_H 1
| #define HAVE_UNISTD_H 1
| #define HAVE_STDARG_H 1
| #define HAVE_DLFCN_H 1
| #define LT_OBJDIR ".libs/"
| #define HAVE_STDINT_H 1
| #define HAVE_STDDEF_H 1
| #define HAVE_SYS_MMAN_H 1
| #define HAVE_SYS_RESOURCE_H 1
| #define HAVE_SYS_UIO_H 1
| #define HAVE_BYTESWAP_H 1
| /* end confdefs.h.  */
| #include <sys/endian.h>
configure:17937: result: no
configure:17937: checking for sys/endian.h
configure:17937: result: no
configure:17937: checking sys/time.h usability
configure:17937: gcc -c   conftest.c >&5
configure:17937: $? = 0
configure:17937: result: yes
configure:17937: checking sys/time.h presence
configure:17937: gcc -E  conftest.c
configure:17937: $? = 0
configure:17937: result: yes
configure:17937: checking for sys/time.h
configure:17937: result: yes
configure:17948: checking if the compiler supports __builtin_expect
configure:17964: gcc -c   conftest.c >&5
configure:17964: $? = 0
configure:17967: result: yes
configure:17985: checking if the compiler supports __builtin_ctzll
configure:18001: gcc -c   conftest.c >&5
configure:18001: $? = 0
configure:18004: result: yes
configure:18068: checking for zlib
configure:18075: $PKG_CONFIG --exists --print-errors "zlib"
configure:18078: $? = 0
configure:18092: $PKG_CONFIG --exists --print-errors "zlib"
configure:18095: $? = 0
configure:18239: result: yes
configure:18315: checking whether to enable crypto and TLS
configure:18324: result: auto
configure:18327: checking whether to use system crypto profile
configure:18336: result: no
configure:18345: checking for SSL
configure:18352: $PKG_CONFIG --exists --print-errors "openssl"
configure:18355: $? = 0
configure:18369: $PKG_CONFIG --exists --print-errors "openssl"
configure:18372: $? = 0
configure:18608: result: yes
configure:18785: checking openssl/bio.h usability
configure:18785: gcc -c   conftest.c >&5
configure:18785: $? = 0
configure:18785: result: yes
configure:18785: checking openssl/bio.h presence
configure:18785: gcc -E  conftest.c
configure:18785: $? = 0
configure:18785: result: yes
configure:18785: checking for openssl/bio.h
configure:18785: result: yes
configure:18785: checking openssl/ssl.h usability
configure:18785: gcc -c   conftest.c >&5
configure:18785: $? = 0
configure:18785: result: yes
configure:18785: checking openssl/ssl.h presence
configure:18785: gcc -E  conftest.c
configure:18785: $? = 0
configure:18785: result: yes
configure:18785: checking for openssl/ssl.h
configure:18785: result: yes
configure:18785: checking openssl/err.h usability
configure:18785: gcc -c   conftest.c >&5
configure:18785: $? = 0
configure:18785: result: yes
configure:18785: checking openssl/err.h presence
configure:18785: gcc -E  conftest.c
configure:18785: $? = 0
configure:18785: result: yes
configure:18785: checking for openssl/err.h
configure:18785: result: yes
configure:18785: checking openssl/crypto.h usability
configure:18785: gcc -c   conftest.c >&5
configure:18785: $? = 0
configure:18785: result: yes
configure:18785: checking openssl/crypto.h presence
configure:18785: gcc -E  conftest.c
configure:18785: $? = 0
configure:18785: result: yes
configure:18785: checking for openssl/crypto.h
configure:18785: result: yes
configure:18805: checking whether ASN1_STRING_get0_data is declared
configure:18805: gcc -c   conftest.c >&5
conftest.c: In function 'main':
conftest.c:49:10: error: 'ASN1_STRING_get0_data' undeclared (first use in this function)
   (void) ASN1_STRING_get0_data;
          ^
conftest.c:49:10: note: each undeclared identifier is reported only once for each function it appears in
configure:18805: $? = 1
configure: failed program was:
| /* confdefs.h */
| #define PACKAGE_NAME "mongo-c-driver"
| #define PACKAGE_TARNAME "mongo-c-driver"
| #define PACKAGE_VERSION "1.8.1"
| #define PACKAGE_STRING "mongo-c-driver 1.8.1"
| #define PACKAGE_BUGREPORT "https://jira.mongodb.org/browse/CDRIVER"
| #define PACKAGE_URL ""
| #define ACCEPT_ARG2 struct sockaddr
| #define ACCEPT_ARG3 socklen_t
| #define HAVE_TYPEOF 1
| #define STDC_HEADERS 1
| #define HAVE_SYS_TYPES_H 1
| #define HAVE_SYS_STAT_H 1
| #define HAVE_STDLIB_H 1
| #define HAVE_STRING_H 1
| #define HAVE_MEMORY_H 1
| #define HAVE_STRINGS_H 1
| #define HAVE_INTTYPES_H 1
| #define HAVE_STDINT_H 1
| #define HAVE_UNISTD_H 1
| #define HAVE_STRINGS_H 1
| #define HAVE_UNISTD_H 1
| #define HAVE_STDARG_H 1
| #define HAVE_DLFCN_H 1
| #define LT_OBJDIR ".libs/"
| #define HAVE_STDINT_H 1
| #define HAVE_STDDEF_H 1
| #define HAVE_SYS_MMAN_H 1
| #define HAVE_SYS_RESOURCE_H 1
| #define HAVE_SYS_UIO_H 1
| #define HAVE_BYTESWAP_H 1
| #define HAVE_SYS_TIME_H 1
| #define HAVE_BUILTIN_EXPECT 1
| #define HAVE_BUILTIN_CTZ 1
| #define HAVE_OPENSSL_BIO_H 1
| #define HAVE_OPENSSL_SSL_H 1
| #define HAVE_OPENSSL_ERR_H 1
| #define HAVE_OPENSSL_CRYPTO_H 1
| /* end confdefs.h.  */
| #include <openssl/asn1.h>
| 
| int
| main ()
| {
| #ifndef ASN1_STRING_get0_data
| #ifdef __cplusplus
|   (void) ASN1_STRING_get0_data;
| #else
|   (void) ASN1_STRING_get0_data;
| #endif
| #endif
| 
|   ;
|   return 0;
| }
configure:18805: result: no
configure:18836: checking which TLS library to use
configure:18838: result: openssl
configure:19018: checking for BSON
configure:19025: $PKG_CONFIG --exists --print-errors "libbson-1.0 >= $MONGOC_RELEASED_VERSION"
Package libbson-1.0 was not found in the pkg-config search path.
Perhaps you should add the directory containing `libbson-1.0.pc'
to the PKG_CONFIG_PATH environment variable
No package 'libbson-1.0' found
configure:19028: $? = 1
configure:19042: $PKG_CONFIG --exists --print-errors "libbson-1.0 >= $MONGOC_RELEASED_VERSION"
Package libbson-1.0 was not found in the pkg-config search path.
Perhaps you should add the directory containing `libbson-1.0.pc'
to the PKG_CONFIG_PATH environment variable
No package 'libbson-1.0' found
configure:19045: $? = 1
configure:19059: result: no
No package 'libbson-1.0' found
configure:19100: checking for shm_open
configure:19100: gcc -o conftest    conftest.c  >&5
/tmp/ccgPkrQQ.o: In function `main':
conftest.c:(.text+0x12): undefined reference to `shm_open'
collect2: error: ld returned 1 exit status
configure:19100: $? = 1
configure: failed program was:
| /* confdefs.h */
| #define PACKAGE_NAME "mongo-c-driver"
| #define PACKAGE_TARNAME "mongo-c-driver"
| #define PACKAGE_VERSION "1.8.1"
| #define PACKAGE_STRING "mongo-c-driver 1.8.1"
| #define PACKAGE_BUGREPORT "https://jira.mongodb.org/browse/CDRIVER"
| #define PACKAGE_URL ""
| #define ACCEPT_ARG2 struct sockaddr
| #define ACCEPT_ARG3 socklen_t
| #define HAVE_TYPEOF 1
| #define STDC_HEADERS 1
| #define HAVE_SYS_TYPES_H 1
| #define HAVE_SYS_STAT_H 1
| #define HAVE_STDLIB_H 1
| #define HAVE_STRING_H 1
| #define HAVE_MEMORY_H 1
| #define HAVE_STRINGS_H 1
| #define HAVE_INTTYPES_H 1
| #define HAVE_STDINT_H 1
| #define HAVE_UNISTD_H 1
| #define HAVE_STRINGS_H 1
| #define HAVE_UNISTD_H 1
| #define HAVE_STDARG_H 1
| #define HAVE_DLFCN_H 1
| #define LT_OBJDIR ".libs/"
| #define HAVE_STDINT_H 1
| #define HAVE_STDDEF_H 1
| #define HAVE_SYS_MMAN_H 1
| #define HAVE_SYS_RESOURCE_H 1
| #define HAVE_SYS_UIO_H 1
| #define HAVE_BYTESWAP_H 1
| #define HAVE_SYS_TIME_H 1
| #define HAVE_BUILTIN_EXPECT 1
| #define HAVE_BUILTIN_CTZ 1
| #define HAVE_OPENSSL_BIO_H 1
| #define HAVE_OPENSSL_SSL_H 1
| #define HAVE_OPENSSL_ERR_H 1
| #define HAVE_OPENSSL_CRYPTO_H 1
| #define HAVE_DECL_ASN1_STRING_GET0_DATA 0
| /* end confdefs.h.  */
| /* Define shm_open to an innocuous variant, in case <limits.h> declares shm_open.
|    For example, HP-UX 11i <limits.h> declares gettimeofday.  */
| #define shm_open innocuous_shm_open
| 
| /* System header to define __stub macros and hopefully few prototypes,
|     which can conflict with char shm_open (); below.
|     Prefer <limits.h> to <assert.h> if __STDC__ is defined, since
|     <limits.h> exists even on freestanding compilers.  */
| 
| #ifdef __STDC__
| # include <limits.h>
| #else
| # include <assert.h>
| #endif
| 
| #undef shm_open
| 
| /* Override any GCC internal prototype to avoid an error.
|    Use char because int might match the return type of a GCC
|    builtin and then its argument prototype would still apply.  */
| #ifdef __cplusplus
| extern "C"
| #endif
| char shm_open ();
| /* The GNU C library defines this for functions which it implements
|     to always fail with ENOSYS.  Some functions are actually named
|     something starting with __ and the normal name is an alias.  */
| #if defined __stub_shm_open || defined __stub___shm_open
| choke me
| #endif
| 
| int
| main ()
| {
| return shm_open ();
|   ;
|   return 0;
| }
configure:19100: result: no
configure:19107: checking for shm_open in -lrt
configure:19132: gcc -o conftest    conftest.c -lrt   >&5
configure:19132: $? = 0
configure:19141: result: yes
configure:19157: checking for sched_getcpu
configure:19157: gcc -o conftest    conftest.c  >&5
configure:19157: $? = 0
configure:19157: result: yes
configure:19175: checking for socklen_t
configure:19175: gcc -c   -DMONGOC_ENABLE_SHM_COUNTERS conftest.c >&5
configure:19175: $? = 0
configure:19175: gcc -c   -DMONGOC_ENABLE_SHM_COUNTERS conftest.c >&5
conftest.c: In function 'main':
conftest.c:47:24: error: expected expression before ')' token
 if (sizeof ((socklen_t)))
                        ^
configure:19175: $? = 1
configure: failed program was:
| /* confdefs.h */
| #define PACKAGE_NAME "mongo-c-driver"
| #define PACKAGE_TARNAME "mongo-c-driver"
| #define PACKAGE_VERSION "1.8.1"
| #define PACKAGE_STRING "mongo-c-driver 1.8.1"
| #define PACKAGE_BUGREPORT "https://jira.mongodb.org/browse/CDRIVER"
| #define PACKAGE_URL ""
| #define ACCEPT_ARG2 struct sockaddr
| #define ACCEPT_ARG3 socklen_t
| #define HAVE_TYPEOF 1
| #define STDC_HEADERS 1
| #define HAVE_SYS_TYPES_H 1
| #define HAVE_SYS_STAT_H 1
| #define HAVE_STDLIB_H 1
| #define HAVE_STRING_H 1
| #define HAVE_MEMORY_H 1
| #define HAVE_STRINGS_H 1
| #define HAVE_INTTYPES_H 1
| #define HAVE_STDINT_H 1
| #define HAVE_UNISTD_H 1
| #define HAVE_STRINGS_H 1
| #define HAVE_UNISTD_H 1
| #define HAVE_STDARG_H 1
| #define HAVE_DLFCN_H 1
| #define LT_OBJDIR ".libs/"
| #define HAVE_STDINT_H 1
| #define HAVE_STDDEF_H 1
| #define HAVE_SYS_MMAN_H 1
| #define HAVE_SYS_RESOURCE_H 1
| #define HAVE_SYS_UIO_H 1
| #define HAVE_BYTESWAP_H 1
| #define HAVE_SYS_TIME_H 1
| #define HAVE_BUILTIN_EXPECT 1
| #define HAVE_BUILTIN_CTZ 1
| #define HAVE_OPENSSL_BIO_H 1
| #define HAVE_OPENSSL_SSL_H 1
| #define HAVE_OPENSSL_ERR_H 1
| #define HAVE_OPENSSL_CRYPTO_H 1
| #define HAVE_DECL_ASN1_STRING_GET0_DATA 0
| #define HAVE_SCHED_GETCPU 1
| /* end confdefs.h.  */
| #include <sys/socket.h>
| 
| int
| main ()
| {
| if (sizeof ((socklen_t)))
| 	    return 0;
|   ;
|   return 0;
| }
configure:19175: result: yes
configure:19298: checking if compiler needs -Werror to reject unknown flags
configure:19314: gcc -c  -Werror -Wunknown-warning-option -Wsizeof-array-argument  -DMONGOC_ENABLE_SHM_COUNTERS conftest.c >&5
gcc: error: unrecognized command line option '-Wunknown-warning-option'
gcc: error: unrecognized command line option '-Wsizeof-array-argument'
configure:19314: $? = 1
configure: failed program was:
| /* confdefs.h */
| #define PACKAGE_NAME "mongo-c-driver"
| #define PACKAGE_TARNAME "mongo-c-driver"
| #define PACKAGE_VERSION "1.8.1"
| #define PACKAGE_STRING "mongo-c-driver 1.8.1"
| #define PACKAGE_BUGREPORT "https://jira.mongodb.org/browse/CDRIVER"
| #define PACKAGE_URL ""
| #define ACCEPT_ARG2 struct sockaddr
| #define ACCEPT_ARG3 socklen_t
| #define HAVE_TYPEOF 1
| #define STDC_HEADERS 1
| #define HAVE_SYS_TYPES_H 1
| #define HAVE_SYS_STAT_H 1
| #define HAVE_STDLIB_H 1
| #define HAVE_STRING_H 1
| #define HAVE_MEMORY_H 1
| #define HAVE_STRINGS_H 1
| #define HAVE_INTTYPES_H 1
| #define HAVE_STDINT_H 1
| #define HAVE_UNISTD_H 1
| #define HAVE_STRINGS_H 1
| #define HAVE_UNISTD_H 1
| #define HAVE_STDARG_H 1
| #define HAVE_DLFCN_H 1
| #define LT_OBJDIR ".libs/"
| #define HAVE_STDINT_H 1
| #define HAVE_STDDEF_H 1
| #define HAVE_SYS_MMAN_H 1
| #define HAVE_SYS_RESOURCE_H 1
| #define HAVE_SYS_UIO_H 1
| #define HAVE_BYTESWAP_H 1
| #define HAVE_SYS_TIME_H 1
| #define HAVE_BUILTIN_EXPECT 1
| #define HAVE_BUILTIN_CTZ 1
| #define HAVE_OPENSSL_BIO_H 1
| #define HAVE_OPENSSL_SSL_H 1
| #define HAVE_OPENSSL_ERR_H 1
| #define HAVE_OPENSSL_CRYPTO_H 1
| #define HAVE_DECL_ASN1_STRING_GET0_DATA 0
| #define HAVE_SCHED_GETCPU 1
| /* end confdefs.h.  */
| int foo(void);
| int
| main ()
| {
| foo()
|   ;
|   return 0;
| }
configure:19319: result: no
configure:19385: checking for the pthreads library -lpthreads
configure:19423: gcc -o conftest     -DMONGOC_ENABLE_SHM_COUNTERS  conftest.c -lpthreads  >&5
/usr/lib/gcc/i586-poky-linux/4.9.1/../../../../i586-poky-linux/bin/ld: cannot find -lpthreads
collect2: error: ld returned 1 exit status
configure:19423: $? = 1
configure: failed program was:
| /* confdefs.h */
| #define PACKAGE_NAME "mongo-c-driver"
| #define PACKAGE_TARNAME "mongo-c-driver"
| #define PACKAGE_VERSION "1.8.1"
| #define PACKAGE_STRING "mongo-c-driver 1.8.1"
| #define PACKAGE_BUGREPORT "https://jira.mongodb.org/browse/CDRIVER"
| #define PACKAGE_URL ""
| #define ACCEPT_ARG2 struct sockaddr
| #define ACCEPT_ARG3 socklen_t
| #define HAVE_TYPEOF 1
| #define STDC_HEADERS 1
| #define HAVE_SYS_TYPES_H 1
| #define HAVE_SYS_STAT_H 1
| #define HAVE_STDLIB_H 1
| #define HAVE_STRING_H 1
| #define HAVE_MEMORY_H 1
| #define HAVE_STRINGS_H 1
| #define HAVE_INTTYPES_H 1
| #define HAVE_STDINT_H 1
| #define HAVE_UNISTD_H 1
| #define HAVE_STRINGS_H 1
| #define HAVE_UNISTD_H 1
| #define HAVE_STDARG_H 1
| #define HAVE_DLFCN_H 1
| #define LT_OBJDIR ".libs/"
| #define HAVE_STDINT_H 1
| #define HAVE_STDDEF_H 1
| #define HAVE_SYS_MMAN_H 1
| #define HAVE_SYS_RESOURCE_H 1
| #define HAVE_SYS_UIO_H 1
| #define HAVE_BYTESWAP_H 1
| #define HAVE_SYS_TIME_H 1
| #define HAVE_BUILTIN_EXPECT 1
| #define HAVE_BUILTIN_CTZ 1
| #define HAVE_OPENSSL_BIO_H 1
| #define HAVE_OPENSSL_SSL_H 1
| #define HAVE_OPENSSL_ERR_H 1
| #define HAVE_OPENSSL_CRYPTO_H 1
| #define HAVE_DECL_ASN1_STRING_GET0_DATA 0
| #define HAVE_SCHED_GETCPU 1
| /* end confdefs.h.  */
| #include <pthread.h>
|                         static void routine(void *a) { a = 0; }
|                         static void *start_routine(void *a) { return a; }
| int
| main ()
| {
| pthread_t th; pthread_attr_t attr;
|                         pthread_create(&th, 0, start_routine, 0);
|                         pthread_join(th, 0);
|                         pthread_attr_init(&attr);
|                         pthread_cleanup_push(routine, 0);
|                         pthread_cleanup_pop(0) /* ; */
|   ;
|   return 0;
| }
configure:19432: result: no
configure:19330: checking whether pthreads work without any flags
configure:19423: gcc -o conftest     -DMONGOC_ENABLE_SHM_COUNTERS  conftest.c   >&5
/tmp/cc3sHFgo.o: In function `main':
conftest.c:(.text+0x33): undefined reference to `pthread_create'
conftest.c:(.text+0x44): undefined reference to `pthread_join'
conftest.c:(.text+0x9d): undefined reference to `__pthread_register_cancel'
conftest.c:(.text+0xa5): undefined reference to `__pthread_unregister_cancel'
collect2: error: ld returned 1 exit status
configure:19423: $? = 1
configure: failed program was:
| /* confdefs.h */
| #define PACKAGE_NAME "mongo-c-driver"
| #define PACKAGE_TARNAME "mongo-c-driver"
| #define PACKAGE_VERSION "1.8.1"
| #define PACKAGE_STRING "mongo-c-driver 1.8.1"
| #define PACKAGE_BUGREPORT "https://jira.mongodb.org/browse/CDRIVER"
| #define PACKAGE_URL ""
| #define ACCEPT_ARG2 struct sockaddr
| #define ACCEPT_ARG3 socklen_t
| #define HAVE_TYPEOF 1
| #define STDC_HEADERS 1
| #define HAVE_SYS_TYPES_H 1
| #define HAVE_SYS_STAT_H 1
| #define HAVE_STDLIB_H 1
| #define HAVE_STRING_H 1
| #define HAVE_MEMORY_H 1
| #define HAVE_STRINGS_H 1
| #define HAVE_INTTYPES_H 1
| #define HAVE_STDINT_H 1
| #define HAVE_UNISTD_H 1
| #define HAVE_STRINGS_H 1
| #define HAVE_UNISTD_H 1
| #define HAVE_STDARG_H 1
| #define HAVE_DLFCN_H 1
| #define LT_OBJDIR ".libs/"
| #define HAVE_STDINT_H 1
| #define HAVE_STDDEF_H 1
| #define HAVE_SYS_MMAN_H 1
| #define HAVE_SYS_RESOURCE_H 1
| #define HAVE_SYS_UIO_H 1
| #define HAVE_BYTESWAP_H 1
| #define HAVE_SYS_TIME_H 1
| #define HAVE_BUILTIN_EXPECT 1
| #define HAVE_BUILTIN_CTZ 1
| #define HAVE_OPENSSL_BIO_H 1
| #define HAVE_OPENSSL_SSL_H 1
| #define HAVE_OPENSSL_ERR_H 1
| #define HAVE_OPENSSL_CRYPTO_H 1
| #define HAVE_DECL_ASN1_STRING_GET0_DATA 0
| #define HAVE_SCHED_GETCPU 1
| /* end confdefs.h.  */
| #include <pthread.h>
|                         static void routine(void *a) { a = 0; }
|                         static void *start_routine(void *a) { return a; }
| int
| main ()
| {
| pthread_t th; pthread_attr_t attr;
|                         pthread_create(&th, 0, start_routine, 0);
|                         pthread_join(th, 0);
|                         pthread_attr_init(&attr);
|                         pthread_cleanup_push(routine, 0);
|                         pthread_cleanup_pop(0) /* ; */
|   ;
|   return 0;
| }
configure:19432: result: no
configure:19335: checking whether pthreads work with -Kthread
configure:19423: gcc -o conftest  -Kthread   -DMONGOC_ENABLE_SHM_COUNTERS  conftest.c   >&5
gcc: error: unrecognized command line option '-Kthread'
configure:19423: $? = 1
configure: failed program was:
| /* confdefs.h */
| #define PACKAGE_NAME "mongo-c-driver"
| #define PACKAGE_TARNAME "mongo-c-driver"
| #define PACKAGE_VERSION "1.8.1"
| #define PACKAGE_STRING "mongo-c-driver 1.8.1"
| #define PACKAGE_BUGREPORT "https://jira.mongodb.org/browse/CDRIVER"
| #define PACKAGE_URL ""
| #define ACCEPT_ARG2 struct sockaddr
| #define ACCEPT_ARG3 socklen_t
| #define HAVE_TYPEOF 1
| #define STDC_HEADERS 1
| #define HAVE_SYS_TYPES_H 1
| #define HAVE_SYS_STAT_H 1
| #define HAVE_STDLIB_H 1
| #define HAVE_STRING_H 1
| #define HAVE_MEMORY_H 1
| #define HAVE_STRINGS_H 1
| #define HAVE_INTTYPES_H 1
| #define HAVE_STDINT_H 1
| #define HAVE_UNISTD_H 1
| #define HAVE_STRINGS_H 1
| #define HAVE_UNISTD_H 1
| #define HAVE_STDARG_H 1
| #define HAVE_DLFCN_H 1
| #define LT_OBJDIR ".libs/"
| #define HAVE_STDINT_H 1
| #define HAVE_STDDEF_H 1
| #define HAVE_SYS_MMAN_H 1
| #define HAVE_SYS_RESOURCE_H 1
| #define HAVE_SYS_UIO_H 1
| #define HAVE_BYTESWAP_H 1
| #define HAVE_SYS_TIME_H 1
| #define HAVE_BUILTIN_EXPECT 1
| #define HAVE_BUILTIN_CTZ 1
| #define HAVE_OPENSSL_BIO_H 1
| #define HAVE_OPENSSL_SSL_H 1
| #define HAVE_OPENSSL_ERR_H 1
| #define HAVE_OPENSSL_CRYPTO_H 1
| #define HAVE_DECL_ASN1_STRING_GET0_DATA 0
| #define HAVE_SCHED_GETCPU 1
| /* end confdefs.h.  */
| #include <pthread.h>
|                         static void routine(void *a) { a = 0; }
|                         static void *start_routine(void *a) { return a; }
| int
| main ()
| {
| pthread_t th; pthread_attr_t attr;
|                         pthread_create(&th, 0, start_routine, 0);
|                         pthread_join(th, 0);
|                         pthread_attr_init(&attr);
|                         pthread_cleanup_push(routine, 0);
|                         pthread_cleanup_pop(0) /* ; */
|   ;
|   return 0;
| }
configure:19432: result: no
configure:19335: checking whether pthreads work with -kthread
configure:19423: gcc -o conftest  -kthread   -DMONGOC_ENABLE_SHM_COUNTERS  conftest.c   >&5
gcc: error: unrecognized command line option '-kthread'
configure:19423: $? = 1
configure: failed program was:
| /* confdefs.h */
| #define PACKAGE_NAME "mongo-c-driver"
| #define PACKAGE_TARNAME "mongo-c-driver"
| #define PACKAGE_VERSION "1.8.1"
| #define PACKAGE_STRING "mongo-c-driver 1.8.1"
| #define PACKAGE_BUGREPORT "https://jira.mongodb.org/browse/CDRIVER"
| #define PACKAGE_URL ""
| #define ACCEPT_ARG2 struct sockaddr
| #define ACCEPT_ARG3 socklen_t
| #define HAVE_TYPEOF 1
| #define STDC_HEADERS 1
| #define HAVE_SYS_TYPES_H 1
| #define HAVE_SYS_STAT_H 1
| #define HAVE_STDLIB_H 1
| #define HAVE_STRING_H 1
| #define HAVE_MEMORY_H 1
| #define HAVE_STRINGS_H 1
| #define HAVE_INTTYPES_H 1
| #define HAVE_STDINT_H 1
| #define HAVE_UNISTD_H 1
| #define HAVE_STRINGS_H 1
| #define HAVE_UNISTD_H 1
| #define HAVE_STDARG_H 1
| #define HAVE_DLFCN_H 1
| #define LT_OBJDIR ".libs/"
| #define HAVE_STDINT_H 1
| #define HAVE_STDDEF_H 1
| #define HAVE_SYS_MMAN_H 1
| #define HAVE_SYS_RESOURCE_H 1
| #define HAVE_SYS_UIO_H 1
| #define HAVE_BYTESWAP_H 1
| #define HAVE_SYS_TIME_H 1
| #define HAVE_BUILTIN_EXPECT 1
| #define HAVE_BUILTIN_CTZ 1
| #define HAVE_OPENSSL_BIO_H 1
| #define HAVE_OPENSSL_SSL_H 1
| #define HAVE_OPENSSL_ERR_H 1
| #define HAVE_OPENSSL_CRYPTO_H 1
| #define HAVE_DECL_ASN1_STRING_GET0_DATA 0
| #define HAVE_SCHED_GETCPU 1
| /* end confdefs.h.  */
| #include <pthread.h>
|                         static void routine(void *a) { a = 0; }
|                         static void *start_routine(void *a) { return a; }
| int
| main ()
| {
| pthread_t th; pthread_attr_t attr;
|                         pthread_create(&th, 0, start_routine, 0);
|                         pthread_join(th, 0);
|                         pthread_attr_init(&attr);
|                         pthread_cleanup_push(routine, 0);
|                         pthread_cleanup_pop(0) /* ; */
|   ;
|   return 0;
| }
configure:19432: result: no
configure:19385: checking for the pthreads library -llthread
configure:19423: gcc -o conftest     -DMONGOC_ENABLE_SHM_COUNTERS  conftest.c -llthread  >&5
/usr/lib/gcc/i586-poky-linux/4.9.1/../../../../i586-poky-linux/bin/ld: cannot find -llthread
collect2: error: ld returned 1 exit status
configure:19423: $? = 1
configure: failed program was:
| /* confdefs.h */
| #define PACKAGE_NAME "mongo-c-driver"
| #define PACKAGE_TARNAME "mongo-c-driver"
| #define PACKAGE_VERSION "1.8.1"
| #define PACKAGE_STRING "mongo-c-driver 1.8.1"
| #define PACKAGE_BUGREPORT "https://jira.mongodb.org/browse/CDRIVER"
| #define PACKAGE_URL ""
| #define ACCEPT_ARG2 struct sockaddr
| #define ACCEPT_ARG3 socklen_t
| #define HAVE_TYPEOF 1
| #define STDC_HEADERS 1
| #define HAVE_SYS_TYPES_H 1
| #define HAVE_SYS_STAT_H 1
| #define HAVE_STDLIB_H 1
| #define HAVE_STRING_H 1
| #define HAVE_MEMORY_H 1
| #define HAVE_STRINGS_H 1
| #define HAVE_INTTYPES_H 1
| #define HAVE_STDINT_H 1
| #define HAVE_UNISTD_H 1
| #define HAVE_STRINGS_H 1
| #define HAVE_UNISTD_H 1
| #define HAVE_STDARG_H 1
| #define HAVE_DLFCN_H 1
| #define LT_OBJDIR ".libs/"
| #define HAVE_STDINT_H 1
| #define HAVE_STDDEF_H 1
| #define HAVE_SYS_MMAN_H 1
| #define HAVE_SYS_RESOURCE_H 1
| #define HAVE_SYS_UIO_H 1
| #define HAVE_BYTESWAP_H 1
| #define HAVE_SYS_TIME_H 1
| #define HAVE_BUILTIN_EXPECT 1
| #define HAVE_BUILTIN_CTZ 1
| #define HAVE_OPENSSL_BIO_H 1
| #define HAVE_OPENSSL_SSL_H 1
| #define HAVE_OPENSSL_ERR_H 1
| #define HAVE_OPENSSL_CRYPTO_H 1
| #define HAVE_DECL_ASN1_STRING_GET0_DATA 0
| #define HAVE_SCHED_GETCPU 1
| /* end confdefs.h.  */
| #include <pthread.h>
|                         static void routine(void *a) { a = 0; }
|                         static void *start_routine(void *a) { return a; }
| int
| main ()
| {
| pthread_t th; pthread_attr_t attr;
|                         pthread_create(&th, 0, start_routine, 0);
|                         pthread_join(th, 0);
|                         pthread_attr_init(&attr);
|                         pthread_cleanup_push(routine, 0);
|                         pthread_cleanup_pop(0) /* ; */
|   ;
|   return 0;
| }
configure:19432: result: no
configure:19335: checking whether pthreads work with -pthread
configure:19423: gcc -o conftest  -pthread   -DMONGOC_ENABLE_SHM_COUNTERS  conftest.c   >&5
configure:19423: $? = 0
configure:19432: result: yes
configure:19451: checking for joinable pthread attribute
configure:19466: gcc -o conftest  -pthread  -DMONGOC_ENABLE_SHM_COUNTERS  conftest.c   >&5
configure:19466: $? = 0
configure:19472: result: PTHREAD_CREATE_JOINABLE
configure:19482: checking if more special flags are required for pthreads
configure:19497: result: no
configure:19503: checking for PTHREAD_PRIO_INHERIT
configure:19520: gcc -o conftest  -pthread  -DMONGOC_ENABLE_SHM_COUNTERS  conftest.c   >&5
configure:19520: $? = 0
configure:19529: result: yes
configure:20634: checking whether the linker accepts -Wl,-Bsymbolic
configure:20653: gcc -o conftest   -DMONGOC_ENABLE_SHM_COUNTERS  -Werror  -Wl,-Bsymbolic conftest.c  >&5
configure:20653: $? = 0
configure:20662: result: yes
configure:20702: checking if weak symbols are supported
configure:20719: gcc -o conftest  -O2  -DMONGOC_ENABLE_SHM_COUNTERS  conftest.c  >&5
configure:20719: $? = 0
configure:20720: result: yes
configure:20752: checking whether build environment is sane
configure:20807: result: yes
configure:20955: checking for a thread-safe mkdir -p
configure:20994: result: /bin/mkdir -p
configure:20997: checking whether make sets $(MAKE)
configure:21019: result: yes
configure:21049: checking for style of include used by make
configure:21077: result: GNU
configure:21111: checking whether make supports nested variables
configure:21128: result: yes
configure:21217: checking whether UID '0' is supported by ustar format
configure:21220: result: yes
configure:21227: checking whether GID '0' is supported by ustar format
configure:21230: result: yes
configure:21238: checking how to create a ustar tar archive
configure:21249: tar --version
tar: unrecognized option '--version'
BusyBox v1.22.1 (2016-06-06 14:50:27 PDT) multi-call binary.

Usage: tar -[cxtZzJjahmvO] [-X FILE] [-T FILE] [-f TARFILE] [-C DIR] [FILE]...

configure:21252: $? = 1
configure:21249: gnutar --version
./configure: line 21250: gnutar: command not found
configure:21252: $? = 127
configure:21249: gtar --version
./configure: line 21250: gtar: command not found
configure:21252: $? = 127
configure:21292: tardir=conftest.dir && eval gtar --format=ustar -chf - "$tardir" >conftest.tar
./configure: line 21293: gtar: command not found
configure:21295: $? = 127
configure:21292: tardir=conftest.dir && eval tar chf - "$tardir" >conftest.tar
configure:21295: $? = 0
configure:21299: tar xf - <conftest.tar
configure:21302: $? = 0
configure:21304: cat conftest.dir/file
GrepMe
configure:21307: $? = 0
configure:21320: result: plaintar
configure:21329: checking dependency style of gcc
configure:21440: result: gcc3
configure:21457: checking dependency style of g++
configure:21568: result: gcc3
configure:21637: checking whether make supports nested variables
configure:21654: result: yes
configure:22264: checking that generated files are newer than configure
configure:22270: result: done
configure:22381: creating ./config.status

## ---------------------- ##
## Running config.status. ##
## ---------------------- ##

This file was extended by mongo-c-driver config.status 1.8.1, which was
generated by GNU Autoconf 2.69.  Invocation command line was

  CONFIG_FILES    = 
  CONFIG_HEADERS  = 
  CONFIG_LINKS    = 
  CONFIG_COMMANDS = 
  $ ./config.status 

on goalmaxHeart

config.status:1238: creating Makefile
config.status:1238: creating src/libmongoc-1.0.pc
config.status:1238: creating src/libmongoc-static-1.0.pc
config.status:1238: creating src/libmongoc-ssl-1.0.pc
config.status:1238: creating build/cmake/libmongoc-1.0-config-version.cmake
config.status:1238: creating build/cmake/libmongoc-static-1.0-config.cmake
config.status:1238: creating build/cmake/libmongoc-1.0-config.cmake
config.status:1238: creating build/cmake/libmongoc-static-1.0-config-version.cmake
config.status:1238: creating src/mongoc/mongoc-config.h
config.status:1238: creating src/mongoc/mongoc-version.h
config.status:1238: creating src/snappy-1.1.3/snappy-stubs-public.h
config.status:1238: creating src/zlib-1.2.11/zconf.h
config.status:1410: executing libtool commands
config.status:1410: executing depfiles commands
configure:24684: === configuring in src/libbson (/home/goalmax/mongo-c-driver-1.8.1/src/libbson)
configure:24747: running /bin/sh ./configure --disable-option-checking '--prefix=/usr/local'  '--disable-automatic-init-and-cleanup' --cache-file=/dev/null --srcdir=.

## ---------------- ##
## Cache variables. ##
## ---------------- ##

ac_cv_build=i686-pc-linux-gnu
ac_cv_c_compiler_gnu=yes
ac_cv_c_const=yes
ac_cv_c_inline=inline
ac_cv_c_typeof=typeof
ac_cv_cxx_compiler_gnu=yes
ac_cv_env_BSON_CFLAGS_set=
ac_cv_env_BSON_CFLAGS_value=
ac_cv_env_BSON_LIBS_set=
ac_cv_env_BSON_LIBS_value=
ac_cv_env_CCC_set=
ac_cv_env_CCC_value=
ac_cv_env_CC_set=
ac_cv_env_CC_value=
ac_cv_env_CFLAGS_set=
ac_cv_env_CFLAGS_value=
ac_cv_env_CPPFLAGS_set=
ac_cv_env_CPPFLAGS_value=
ac_cv_env_CPP_set=
ac_cv_env_CPP_value=
ac_cv_env_CXXCPP_set=
ac_cv_env_CXXCPP_value=
ac_cv_env_CXXFLAGS_set=
ac_cv_env_CXXFLAGS_value=
ac_cv_env_CXX_set=
ac_cv_env_CXX_value=
ac_cv_env_KRB5_GSSAPI_CFLAGS_set=
ac_cv_env_KRB5_GSSAPI_CFLAGS_value=
ac_cv_env_KRB5_GSSAPI_LIBS_set=
ac_cv_env_KRB5_GSSAPI_LIBS_value=
ac_cv_env_LDFLAGS_set=
ac_cv_env_LDFLAGS_value=
ac_cv_env_LIBS_set=
ac_cv_env_LIBS_value=
ac_cv_env_LT_SYS_LIBRARY_PATH_set=
ac_cv_env_LT_SYS_LIBRARY_PATH_value=
ac_cv_env_PKG_CONFIG_LIBDIR_set=
ac_cv_env_PKG_CONFIG_LIBDIR_value=
ac_cv_env_PKG_CONFIG_PATH_set=
ac_cv_env_PKG_CONFIG_PATH_value=
ac_cv_env_PKG_CONFIG_set=
ac_cv_env_PKG_CONFIG_value=
ac_cv_env_SASL_CFLAGS_set=
ac_cv_env_SASL_CFLAGS_value=
ac_cv_env_SASL_LIBS_set=
ac_cv_env_SASL_LIBS_value=
ac_cv_env_SNAPPY_CFLAGS_set=
ac_cv_env_SNAPPY_CFLAGS_value=
ac_cv_env_SNAPPY_LIBS_set=
ac_cv_env_SNAPPY_LIBS_value=
ac_cv_env_SSL_CFLAGS_set=
ac_cv_env_SSL_CFLAGS_value=
ac_cv_env_SSL_LIBS_set=
ac_cv_env_SSL_LIBS_value=
ac_cv_env_build_alias_set=
ac_cv_env_build_alias_value=
ac_cv_env_host_alias_set=
ac_cv_env_host_alias_value=
ac_cv_env_target_alias_set=
ac_cv_env_target_alias_value=
ac_cv_env_zlib_CFLAGS_set=
ac_cv_env_zlib_CFLAGS_value=
ac_cv_env_zlib_LIBS_set=
ac_cv_env_zlib_LIBS_value=
ac_cv_func_sched_getcpu=yes
ac_cv_func_shm_open=no
ac_cv_have_decl_ASN1_STRING_get0_data=no
ac_cv_have_stddef_h=1
ac_cv_have_stdint_h=1
ac_cv_have_sys_uio_h=1
ac_cv_header_byteswap_h=yes
ac_cv_header_dlfcn_h=yes
ac_cv_header_inttypes_h=yes
ac_cv_header_memory_h=yes
ac_cv_header_openssl_bio_h=yes
ac_cv_header_openssl_crypto_h=yes
ac_cv_header_openssl_err_h=yes
ac_cv_header_openssl_ssl_h=yes
ac_cv_header_sasl_sasl_h=no
ac_cv_header_stdarg_h=yes
ac_cv_header_stdc=yes
ac_cv_header_stddef_h=yes
ac_cv_header_stdint_h=yes
ac_cv_header_stdlib_h=yes
ac_cv_header_string_h=yes
ac_cv_header_strings_h=yes
ac_cv_header_sys_byteswap_h=no
ac_cv_header_sys_endian_h=no
ac_cv_header_sys_mman_h=yes
ac_cv_header_sys_resource_h=yes
ac_cv_header_sys_stat_h=yes
ac_cv_header_sys_time_h=yes
ac_cv_header_sys_types_h=yes
ac_cv_header_sys_uio_h=yes
ac_cv_header_unistd_h=yes
ac_cv_header_windows_h=no
ac_cv_host=i686-pc-linux-gnu
ac_cv_lib_rt_shm_open=yes
ac_cv_lib_sasl2_sasl_client_init=no
ac_cv_lib_sasl_sasl_client_init=no
ac_cv_lib_snappy_snappy_uncompress=no
ac_cv_objext=o
ac_cv_path_EGREP='/bin/grep -E'
ac_cv_path_FGREP='/bin/grep -F'
ac_cv_path_GREP=/bin/grep
ac_cv_path_MV=/bin/mv
ac_cv_path_PERL=/usr/bin/perl
ac_cv_path_SED=/bin/sed
ac_cv_path_ac_pt_PKG_CONFIG=/usr/bin/pkg-config
ac_cv_path_install='/usr/bin/install -c'
ac_cv_path_lt_DD=/bin/dd
ac_cv_path_mkdir=/bin/mkdir
ac_cv_prog_AWK=gawk
ac_cv_prog_CPP='gcc -E'
ac_cv_prog_CXXCPP='g++ -E'
ac_cv_prog_ac_ct_AR=ar
ac_cv_prog_ac_ct_CC=gcc
ac_cv_prog_ac_ct_CXX=g++
ac_cv_prog_ac_ct_DLLTOOL=dlltool
ac_cv_prog_ac_ct_OBJDUMP=objdump
ac_cv_prog_ac_ct_RANLIB=ranlib
ac_cv_prog_ac_ct_STRIP=strip
ac_cv_prog_cc_c89=
ac_cv_prog_cc_g=yes
ac_cv_prog_cxx_g=yes
ac_cv_prog_make_make_set=yes
ac_cv_target=i686-pc-linux-gnu
ac_cv_type_socklen_t=yes
am_cv_CC_dependencies_compiler_type=gcc3
am_cv_CXX_dependencies_compiler_type=gcc3
am_cv_make_support_nested_variables=yes
am_cv_prog_cc_c_o=yes
am_cv_prog_tar_ustar=plaintar
ax_cv_PTHREAD_PRIO_INHERIT=yes
ax_cv_check_ldflags__Werror___Wl__Bsymbolic=yes
lt_cv_ar_at_file=@
lt_cv_archive_cmds_need_lc=no
lt_cv_deplibs_check_method=pass_all
lt_cv_file_magic_cmd='$MAGIC_CMD'
lt_cv_file_magic_test_file=
lt_cv_ld_reload_flag=-r
lt_cv_nm_interface='BSD nm'
lt_cv_objdir=.libs
lt_cv_path_LD=/usr/i586-poky-linux/bin/ld
lt_cv_path_LDCXX=/usr/i586-poky-linux/bin/ld
lt_cv_path_NM='/usr/bin/nm -B'
lt_cv_path_mainfest_tool=no
lt_cv_prog_compiler_c_o=yes
lt_cv_prog_compiler_c_o_CXX=yes
lt_cv_prog_compiler_pic='-fPIC -DPIC'
lt_cv_prog_compiler_pic_CXX='-fPIC -DPIC'
lt_cv_prog_compiler_pic_works=yes
lt_cv_prog_compiler_pic_works_CXX=yes
lt_cv_prog_compiler_rtti_exceptions=no
lt_cv_prog_compiler_static_works=no
lt_cv_prog_compiler_static_works_CXX=no
lt_cv_prog_gnu_ld=yes
lt_cv_prog_gnu_ldcxx=yes
lt_cv_sharedlib_from_linklib_cmd='printf %s\n'
lt_cv_shlibpath_overrides_runpath=no
lt_cv_sys_global_symbol_pipe='sed -n -e '\''s/^.*[	 ]\([ABCDGIRSTW][ABCDGIRSTW]*\)[	 ][	 ]*\([_A-Za-z][_A-Za-z0-9]*\)$/\1 \2 \2/p'\'' | sed '\''/ __gnu_lto/d'\'''
lt_cv_sys_global_symbol_to_c_name_address='sed -n -e '\''s/^: \(.*\) .*$/  {"\1", (void *) 0},/p'\'' -e '\''s/^[ABCDGIRSTW][ABCDGIRSTW]* .* \(.*\)$/  {"\1", (void *) \&\1},/p'\'''
lt_cv_sys_global_symbol_to_c_name_address_lib_prefix='sed -n -e '\''s/^: \(.*\) .*$/  {"\1", (void *) 0},/p'\'' -e '\''s/^[ABCDGIRSTW][ABCDGIRSTW]* .* \(lib.*\)$/  {"\1", (void *) \&\1},/p'\'' -e '\''s/^[ABCDGIRSTW][ABCDGIRSTW]* .* \(.*\)$/  {"lib\1", (void *) \&\1},/p'\'''
lt_cv_sys_global_symbol_to_cdecl='sed -n -e '\''s/^T .* \(.*\)$/extern int \1();/p'\'' -e '\''s/^[ABCDGIRSTW][ABCDGIRSTW]* .* \(.*\)$/extern char \1;/p'\'''
lt_cv_sys_global_symbol_to_import=
lt_cv_sys_max_cmd_len=32768
lt_cv_to_host_file_cmd=func_convert_file_noop
lt_cv_to_tool_file_cmd=func_convert_file_noop
lt_cv_truncate_bin='/bin/dd bs=4096 count=1'
pkg_cv_SSL_CFLAGS=
pkg_cv_SSL_LIBS='-lssl -lcrypto '
pkg_cv_zlib_CFLAGS=
pkg_cv_zlib_LIBS='-L/usr/lib -lz '

## ----------------- ##
## Output variables. ##
## ----------------- ##

ACCEPT_ARG2='struct sockaddr'
ACCEPT_ARG3='socklen_t'
ACLOCAL='${SHELL} /home/goalmax/mongo-c-driver-1.8.1/build/autotools/missing aclocal-1.15'
ACLOCAL_AMFLAGS='-I build/autotools'
AMDEPBACKSLASH='\'
AMDEP_FALSE='#'
AMDEP_TRUE=''
AMTAR='$${TAR-tar}'
AM_BACKSLASH='\'
AM_DEFAULT_V='$(AM_DEFAULT_VERBOSITY)'
AM_DEFAULT_VERBOSITY='0'
AM_V='$(V)'
AR='ar'
AS='as'
AUTOCONF='${SHELL} /home/goalmax/mongo-c-driver-1.8.1/build/autotools/missing autoconf'
AUTOHEADER='${SHELL} /home/goalmax/mongo-c-driver-1.8.1/build/autotools/missing autoheader'
AUTOMAKE='${SHELL} /home/goalmax/mongo-c-driver-1.8.1/build/autotools/missing automake-1.15'
AWK='gawk'
BSON_CFLAGS='-I./src/libbson/src/bson -Isrc/libbson/src/bson'
BSON_LIBS='src/libbson/libbson-1.0.la'
BSON_OS='1'
CC='gcc'
CCDEPMODE='depmode=gcc3'
CFLAGS=' -O2'
COMPILER_CLANG_FALSE=''
COMPILER_CLANG_TRUE='#'
COMPILER_GCC_FALSE=''
COMPILER_GCC_TRUE='#'
COVERAGE_CFLAGS=''
COVERAGE_LDFLAGS=''
CPP='gcc -E'
CPPFLAGS=' -DMONGOC_ENABLE_SHM_COUNTERS'
CXX='g++'
CXXCPP='g++ -E'
CXXDEPMODE='depmode=gcc3'
CXXFLAGS=''
CYGPATH_W='echo'
DEFS='-DPACKAGE_NAME=\"mongo-c-driver\" -DPACKAGE_TARNAME=\"mongo-c-driver\" -DPACKAGE_VERSION=\"1.8.1\" -DPACKAGE_STRING=\"mongo-c-driver\ 1.8.1\" -DPACKAGE_BUGREPORT=\"https://jira.mongodb.org/browse/CDRIVER\" -DPACKAGE_URL=\"\" -DACCEPT_ARG2=struct\ sockaddr -DACCEPT_ARG3=socklen_t -DHAVE_TYPEOF=1 -DSTDC_HEADERS=1 -DHAVE_SYS_TYPES_H=1 -DHAVE_SYS_STAT_H=1 -DHAVE_STDLIB_H=1 -DHAVE_STRING_H=1 -DHAVE_MEMORY_H=1 -DHAVE_STRINGS_H=1 -DHAVE_INTTYPES_H=1 -DHAVE_STDINT_H=1 -DHAVE_UNISTD_H=1 -DHAVE_STRINGS_H=1 -DHAVE_UNISTD_H=1 -DHAVE_STDARG_H=1 -DHAVE_DLFCN_H=1 -DLT_OBJDIR=\".libs/\" -DHAVE_STDINT_H=1 -DHAVE_STDDEF_H=1 -DHAVE_SYS_MMAN_H=1 -DHAVE_SYS_RESOURCE_H=1 -DHAVE_SYS_UIO_H=1 -DHAVE_BYTESWAP_H=1 -DHAVE_SYS_TIME_H=1 -DHAVE_BUILTIN_EXPECT=1 -DHAVE_BUILTIN_CTZ=1 -DHAVE_OPENSSL_BIO_H=1 -DHAVE_OPENSSL_SSL_H=1 -DHAVE_OPENSSL_ERR_H=1 -DHAVE_OPENSSL_CRYPTO_H=1 -DHAVE_DECL_ASN1_STRING_GET0_DATA=0 -DHAVE_SCHED_GETCPU=1 -DHAVE_PTHREAD_PRIO_INHERIT=1 -DHAVE_PTHREAD=1 -DPACKAGE=\"mongo-c-driver\" -DVERSION=\"1.8.1\"'
DEPDIR='.deps'
DLLTOOL='dlltool'
DSYMUTIL=''
DUMPBIN=''
ECHO_C=''
ECHO_N='-n'
ECHO_T=''
EGREP='/bin/grep -E'
ENABLE_CRYPTO_CNG_FALSE=''
ENABLE_CRYPTO_CNG_TRUE='#'
ENABLE_CRYPTO_COMMON_CRYPTO_FALSE=''
ENABLE_CRYPTO_COMMON_CRYPTO_TRUE='#'
ENABLE_CRYPTO_FALSE='#'
ENABLE_CRYPTO_LIBCRYPTO_FALSE='#'
ENABLE_CRYPTO_LIBCRYPTO_TRUE=''
ENABLE_CRYPTO_TRUE=''
ENABLE_DEBUG_FALSE=''
ENABLE_DEBUG_TRUE='#'
ENABLE_EXAMPLES_FALSE='#'
ENABLE_EXAMPLES_TRUE=''
ENABLE_HTML_DOCS_FALSE=''
ENABLE_HTML_DOCS_TRUE='#'
ENABLE_LIBBSON_FALSE='#'
ENABLE_LIBBSON_TRUE=''
ENABLE_MAN_PAGES_FALSE=''
ENABLE_MAN_PAGES_TRUE='#'
ENABLE_PTHREADS_FALSE=''
ENABLE_PTHREADS_TRUE='#'
ENABLE_SASL_CYRUS_FALSE=''
ENABLE_SASL_CYRUS_TRUE='#'
ENABLE_SASL_FALSE=''
ENABLE_SASL_GSSAPI_FALSE=''
ENABLE_SASL_GSSAPI_TRUE='#'
ENABLE_SASL_SSPI_FALSE=''
ENABLE_SASL_SSPI_TRUE='#'
ENABLE_SASL_TRUE='#'
ENABLE_SSL_FALSE='#'
ENABLE_SSL_LIBRESSL_FALSE=''
ENABLE_SSL_LIBRESSL_TRUE='#'
ENABLE_SSL_OPENSSL_FALSE='#'
ENABLE_SSL_OPENSSL_TRUE=''
ENABLE_SSL_SECURE_CHANNEL_FALSE=''
ENABLE_SSL_SECURE_CHANNEL_TRUE='#'
ENABLE_SSL_SECURE_TRANSPORT_FALSE=''
ENABLE_SSL_SECURE_TRANSPORT_TRUE='#'
ENABLE_SSL_TRUE=''
ENABLE_STATIC_FALSE=''
ENABLE_STATIC_TRUE='#'
ENABLE_STDBOOL_FALSE=''
ENABLE_STDBOOL_TRUE='#'
ENABLE_TESTS_FALSE='#'
ENABLE_TESTS_TRUE=''
EXEEXT=''
EXPLICIT_LIBS_FALSE='#'
EXPLICIT_LIBS_TRUE=''
FGREP='/bin/grep -F'
GREP='/bin/grep'
INSTALL_DATA='${INSTALL} -m 644'
INSTALL_PROGRAM='${INSTALL}'
INSTALL_SCRIPT='${INSTALL}'
INSTALL_STRIP_PROGRAM='$(install_sh) -c -s'
KRB5_GSSAPI_CFLAGS=''
KRB5_GSSAPI_LIBS=''
LD='/usr/i586-poky-linux/bin/ld'
LDFLAGS=''
LIBC_FEATURES='-D_GNU_SOURCE'
LIBOBJS=''
LIBS=''
LIBTOOL='$(SHELL) $(top_builddir)/libtool'
LIPO=''
LN_S='ln -s'
LTLIBOBJS=''
LT_SYS_LIBRARY_PATH=''
MAINTAINER_CFLAGS=''
MAKEINFO='${SHELL} /home/goalmax/mongo-c-driver-1.8.1/build/autotools/missing makeinfo'
MANIFEST_TOOL=':'
MKDIR_P='/bin/mkdir -p'
MONGOC_API_VERSION='1.0'
MONGOC_CC='gcc'
MONGOC_ENABLE_COMPRESSION='1'
MONGOC_ENABLE_COMPRESSION_SNAPPY='1'
MONGOC_ENABLE_COMPRESSION_ZLIB='1'
MONGOC_ENABLE_CRYPTO='1'
MONGOC_ENABLE_CRYPTO_CNG='0'
MONGOC_ENABLE_CRYPTO_COMMON_CRYPTO='0'
MONGOC_ENABLE_CRYPTO_LIBCRYPTO='1'
MONGOC_ENABLE_CRYPTO_SYSTEM_PROFILE='0'
MONGOC_ENABLE_SASL='0'
MONGOC_ENABLE_SASL_CYRUS='0'
MONGOC_ENABLE_SASL_GSSAPI='0'
MONGOC_ENABLE_SASL_SSPI='0'
MONGOC_ENABLE_SSL='1'
MONGOC_ENABLE_SSL_LIBRESSL='0'
MONGOC_ENABLE_SSL_OPENSSL='1'
MONGOC_ENABLE_SSL_SECURE_CHANNEL='0'
MONGOC_ENABLE_SSL_SECURE_TRANSPORT='0'
MONGOC_HAVE_ASN1_STRING_GET0_DATA='0'
MONGOC_HAVE_SASL_CLIENT_DONE='0'
MONGOC_HAVE_SOCKLEN='1'
MONGOC_HAVE_WEAK_SYMBOLS='1'
MONGOC_LIBS=' -lssl -lcrypto  -lrt -lz'
MONGOC_MAJOR_VERSION='1'
MONGOC_MICRO_VERSION='1'
MONGOC_MINOR_VERSION='8'
MONGOC_NO_AUTOMATIC_GLOBALS='1'
MONGOC_PRERELEASE_VERSION=''
MONGOC_RELEASED_MAJOR_VERSION='1'
MONGOC_RELEASED_MICRO_VERSION='1'
MONGOC_RELEASED_MINOR_VERSION='8'
MONGOC_RELEASED_PRERELEASE_VERSION=''
MONGOC_RELEASED_VERSION='1.8.1'
MONGOC_SOCKET_ARG2='struct sockaddr'
MONGOC_SOCKET_ARG3='socklen_t'
MONGOC_USER_SET_CFLAGS=''
MONGOC_USER_SET_LDFLAGS=''
MONGOC_VERSION='1.8.1'
MV='/bin/mv'
NM='/usr/bin/nm -B'
NMEDIT=''
OBJDUMP='objdump'
OBJEXT='o'
OPTIMIZE_CFLAGS=''
OPTIMIZE_LDFLAGS=' -Wl,-Bsymbolic'
OS_DARWIN_FALSE=''
OS_DARWIN_TRUE='#'
OS_FREEBSD_FALSE=''
OS_FREEBSD_TRUE='#'
OS_GNU_FALSE='#'
OS_GNU_TRUE=''
OS_LINUX_FALSE='#'
OS_LINUX_TRUE=''
OS_SOLARIS_FALSE=''
OS_SOLARIS_TRUE='#'
OS_UNIX_FALSE='#'
OS_UNIX_TRUE=''
OS_WIN32_FALSE=''
OS_WIN32_TRUE='#'
OTOOL64=''
OTOOL=''
PACKAGE='mongo-c-driver'
PACKAGE_BUGREPORT='https://jira.mongodb.org/browse/CDRIVER'
PACKAGE_NAME='mongo-c-driver'
PACKAGE_STRING='mongo-c-driver 1.8.1'
PACKAGE_TARNAME='mongo-c-driver'
PACKAGE_URL=''
PACKAGE_VERSION='1.8.1'
PATH_SEPARATOR=':'
PERL='/usr/bin/perl'
PKG_CONFIG='/usr/bin/pkg-config'
PKG_CONFIG_LIBDIR=''
PKG_CONFIG_PATH=''
PTHREAD_CC='gcc'
PTHREAD_CFLAGS='-pthread'
PTHREAD_LIBS=''
RANLIB='ranlib'
SASL_CFLAGS=''
SASL_LIBS=''
SED='/bin/sed'
SET_MAKE=''
SHELL='/bin/sh'
SHM_LIB='-lrt'
SNAPPY_CFLAGS='-Isrc/snappy-1.1.3'
SNAPPY_LIBS=''
SPHINX_BUILD=''
SSL_CFLAGS=''
SSL_LIBS='-lssl -lcrypto '
STRIP='strip'
VERSION='1.8.1'
WITH_LIBBSON_FALSE='#'
WITH_LIBBSON_TRUE=''
WITH_SNAPPY_FALSE='#'
WITH_SNAPPY_TRUE=''
WITH_ZLIB_FALSE=''
WITH_ZLIB_TRUE='#'
ZLIB_CFLAGS=''
ZLIB_LIBS='-lz'
ac_ct_AR='ar'
ac_ct_CC='gcc'
ac_ct_CXX='g++'
ac_ct_DUMPBIN=''
ac_cv_have_stddef_h='1'
ac_cv_have_stdint_h='1'
ac_cv_have_sys_uio_h='1'
am__EXEEXT_FALSE=''
am__EXEEXT_TRUE='#'
am__fastdepCC_FALSE='#'
am__fastdepCC_TRUE=''
am__fastdepCXX_FALSE='#'
am__fastdepCXX_TRUE=''
am__include='include'
am__isrc=''
am__leading_dot='.'
am__nodep='_no'
am__quote=''
am__tar='tar chf - "$$tardir"'
am__untar='tar xf -'
ax_pthread_config=''
bindir='${exec_prefix}/bin'
build='i686-pc-linux-gnu'
build_alias=''
build_cpu='i686'
build_os='linux-gnu'
build_vendor='pc'
datadir='${datarootdir}'
datarootdir='${prefix}/share'
docdir='${datarootdir}/doc/${PACKAGE_TARNAME}'
dvidir='${docdir}'
exec_prefix='${prefix}'
host='i686-pc-linux-gnu'
host_alias=''
host_cpu='i686'
host_os='linux-gnu'
host_vendor='pc'
htmldir='${docdir}'
includedir='${prefix}/include'
infodir='${datarootdir}/info'
install_sh='${SHELL} /home/goalmax/mongo-c-driver-1.8.1/build/autotools/install-sh'
libdir='${exec_prefix}/lib'
libexecdir='${exec_prefix}/libexec'
localedir='${datarootdir}/locale'
localstatedir='${prefix}/var'
mandir='${datarootdir}/man'
mkdir_p='$(MKDIR_P)'
oldincludedir='/usr/include'
pdfdir='${docdir}'
prefix='/usr/local'
program_transform_name='s,x,x,'
psdir='${docdir}'
runstatedir='${localstatedir}/run'
sbindir='${exec_prefix}/sbin'
sharedstatedir='${prefix}/com'
subdirs=' src/libbson'
sysconfdir='${prefix}/etc'
target='i686-pc-linux-gnu'
target_alias=''
target_cpu='i686'
target_os='linux-gnu'
target_vendor='pc'
zlib_CFLAGS=''
zlib_LIBS='-L/usr/lib -lz '

## ----------- ##
## confdefs.h. ##
## ----------- ##

/* confdefs.h */
#define PACKAGE_NAME "mongo-c-driver"
#define PACKAGE_TARNAME "mongo-c-driver"
#define PACKAGE_VERSION "1.8.1"
#define PACKAGE_STRING "mongo-c-driver 1.8.1"
#define PACKAGE_BUGREPORT "https://jira.mongodb.org/browse/CDRIVER"
#define PACKAGE_URL ""
#define ACCEPT_ARG2 struct sockaddr
#define ACCEPT_ARG3 socklen_t
#define HAVE_TYPEOF 1
#define STDC_HEADERS 1
#define HAVE_SYS_TYPES_H 1
#define HAVE_SYS_STAT_H 1
#define HAVE_STDLIB_H 1
#define HAVE_STRING_H 1
#define HAVE_MEMORY_H 1
#define HAVE_STRINGS_H 1
#define HAVE_INTTYPES_H 1
#define HAVE_STDINT_H 1
#define HAVE_UNISTD_H 1
#define HAVE_STRINGS_H 1
#define HAVE_UNISTD_H 1
#define HAVE_STDARG_H 1
#define HAVE_DLFCN_H 1
#define LT_OBJDIR ".libs/"
#define HAVE_STDINT_H 1
#define HAVE_STDDEF_H 1
#define HAVE_SYS_MMAN_H 1
#define HAVE_SYS_RESOURCE_H 1
#define HAVE_SYS_UIO_H 1
#define HAVE_BYTESWAP_H 1
#define HAVE_SYS_TIME_H 1
#define HAVE_BUILTIN_EXPECT 1
#define HAVE_BUILTIN_CTZ 1
#define HAVE_OPENSSL_BIO_H 1
#define HAVE_OPENSSL_SSL_H 1
#define HAVE_OPENSSL_ERR_H 1
#define HAVE_OPENSSL_CRYPTO_H 1
#define HAVE_DECL_ASN1_STRING_GET0_DATA 0
#define HAVE_SCHED_GETCPU 1
#define HAVE_PTHREAD_PRIO_INHERIT 1
#define HAVE_PTHREAD 1
#define PACKAGE "mongo-c-driver"
#define VERSION "1.8.1"

configure: exit 0
