The system is: Linux - 3.10.98-poky-edison+ - i686
Compiling the C compiler identification source file "CMakeCCompilerId.c" succeeded.
Compiler: /usr/bin/cc 
Build flags: 
Id flags: 

The output was:
0


Compilation of the C compiler identification source "CMakeCCompilerId.c" produced "a.out"

The C compiler identification is GNU, found in "/home/goalmax/make_dir/CMakeFiles/3.3.2/CompilerIdC/a.out"

Compiling the CXX compiler identification source file "CMakeCXXCompilerId.cpp" succeeded.
Compiler: /usr/bin/c++ 
Build flags: 
Id flags: 

The output was:
0


Compilation of the CXX compiler identification source "CMakeCXXCompilerId.cpp" produced "a.out"

The CXX compiler identification is GNU, found in "/home/goalmax/make_dir/CMakeFiles/3.3.2/CompilerIdCXX/a.out"

Determining if the C compiler works passed with the following output:
Change Dir: /home/goalmax/make_dir/CMakeFiles/CMakeTmp

Run Build Command:"/usr/bin/make" "cmTC_3c103/fast"
/usr/bin/make -f CMakeFiles/cmTC_3c103.dir/build.make CMakeFiles/cmTC_3c103.dir/build
make[1]: Entering directory '/home/goalmax/make_dir/CMakeFiles/CMakeTmp'
Building C object CMakeFiles/cmTC_3c103.dir/testCCompiler.c.o
/usr/bin/cc    -o CMakeFiles/cmTC_3c103.dir/testCCompiler.c.o   -c /home/goalmax/make_dir/CMakeFiles/CMakeTmp/testCCompiler.c
Linking C executable cmTC_3c103
/usr/bin/cmake -E cmake_link_script CMakeFiles/cmTC_3c103.dir/link.txt --verbose=1
/usr/bin/cc       CMakeFiles/cmTC_3c103.dir/testCCompiler.c.o  -o cmTC_3c103 -rdynamic 
make[1]: Leaving directory '/home/goalmax/make_dir/CMakeFiles/CMakeTmp'


Detecting C compiler ABI info compiled with the following output:
Change Dir: /home/goalmax/make_dir/CMakeFiles/CMakeTmp

Run Build Command:"/usr/bin/make" "cmTC_e71c2/fast"
/usr/bin/make -f CMakeFiles/cmTC_e71c2.dir/build.make CMakeFiles/cmTC_e71c2.dir/build
make[1]: Entering directory '/home/goalmax/make_dir/CMakeFiles/CMakeTmp'
Building C object CMakeFiles/cmTC_e71c2.dir/CMakeCCompilerABI.c.o
/usr/bin/cc    -o CMakeFiles/cmTC_e71c2.dir/CMakeCCompilerABI.c.o   -c /usr/share/cmake-3.3/Modules/CMakeCCompilerABI.c
Linking C executable cmTC_e71c2
/usr/bin/cmake -E cmake_link_script CMakeFiles/cmTC_e71c2.dir/link.txt --verbose=1
/usr/bin/cc      -v CMakeFiles/cmTC_e71c2.dir/CMakeCCompilerABI.c.o  -o cmTC_e71c2 -rdynamic  
Using built-in specs.
COLLECT_GCC=/usr/bin/cc
COLLECT_LTO_WRAPPER=/usr/lib/gcc/gcc/i586-poky-linux/4.9.1/lto-wrapper
Target: i586-poky-linux
Configured with: /export/users/neck/iotdk_3.5_dev/workdir/build_edison/tmp/work-shared/gcc-4.9.1-r0/gcc-4.9.1/configure --build=x86_64-linux --host=i586-poky-linux --target=i586-poky-linux --prefix=/usr --exec_prefix=/usr --bindir=/usr/bin --sbindir=/usr/sbin --libexecdir=/usr/lib/gcc --datadir=/usr/share --sysconfdir=/etc --sharedstatedir=/com --localstatedir=/var --libdir=/usr/lib --includedir=/usr/include --oldincludedir=/usr/include --infodir=/usr/share/info --mandir=/usr/share/man --disable-silent-rules --disable-dependency-tracking --with-libtool-sysroot=/export/users/neck/iotdk_3.5_dev/workdir/build_edison/tmp/sysroots/edison --with-gnu-ld --enable-shared --enable-languages=c,c++ --enable-threads=posix --enable-multilib --enable-c99 --enable-long-long --enable-symvers=gnu --enable-libstdcxx-pch --program-prefix=i586-poky-linux- --without-local-prefix --enable-target-optspace --enable-lto --enable-libssp --disable-bootstrap --disable-libmudflap --with-system-zlib --with-linker-hash-style=gnu --enable-linker-build-id --with-ppl=no --with-cloog=no --enable-checking=release --enable-cheaders=c_global --with-sysroot=/ --with-build-sysroot=/export/users/neck/iotdk_3.5_dev/workdir/build_edison/tmp/sysroots/edison --with-native-system-header-dir=/export/users/neck/iotdk_3.5_dev/workdir/build_edison/tmp/sysroots/edison/usr/include --with-gxx-include-dir=/usr/include/c++/4.9.1 --enable-nls --enable-__cxa_atexit
Thread model: posix
gcc version 4.9.1 (GCC) 
COMPILER_PATH=/usr/lib/gcc/gcc/i586-poky-linux/4.9.1/:/usr/lib/gcc/gcc/i586-poky-linux/4.9.1/:/usr/lib/gcc/gcc/i586-poky-linux/:/usr/lib/gcc/i586-poky-linux/4.9.1/:/usr/lib/gcc/i586-poky-linux/:/usr/lib/gcc/i586-poky-linux/4.9.1/../../../../i586-poky-linux/bin/
LIBRARY_PATH=/usr/lib/gcc/i586-poky-linux/4.9.1/:/usr/lib/gcc/i586-poky-linux/4.9.1/../../../i586-poky-linux/4.9.1/:/usr/lib/gcc/i586-poky-linux/4.9.1/../../../:/lib/:/usr/lib/i586-poky-linux/4.9.1/:/usr/lib/
COLLECT_GCC_OPTIONS='-v' '-o' 'cmTC_e71c2' '-rdynamic' '-mtune=pentium' '-march=pentium'
 /usr/lib/gcc/gcc/i586-poky-linux/4.9.1/collect2 -plugin /usr/lib/gcc/gcc/i586-poky-linux/4.9.1/liblto_plugin.so -plugin-opt=/usr/lib/gcc/gcc/i586-poky-linux/4.9.1/lto-wrapper -plugin-opt=-fresolution=/tmp/ccnEyDSb.res -plugin-opt=-pass-through=-lgcc -plugin-opt=-pass-through=-lgcc_s -plugin-opt=-pass-through=-lc -plugin-opt=-pass-through=-lgcc -plugin-opt=-pass-through=-lgcc_s --sysroot=/ --build-id --eh-frame-hdr --hash-style=gnu -m elf_i386 -export-dynamic -dynamic-linker /lib/ld-linux.so.2 -o cmTC_e71c2 /usr/lib/gcc/i586-poky-linux/4.9.1/../../../crt1.o /usr/lib/gcc/i586-poky-linux/4.9.1/../../../crti.o /usr/lib/gcc/i586-poky-linux/4.9.1/../../../i586-poky-linux/4.9.1/crtbegin.o -L/usr/lib/gcc/i586-poky-linux/4.9.1 -L/usr/lib/gcc/i586-poky-linux/4.9.1/../../../i586-poky-linux/4.9.1 -L/usr/lib/gcc/i586-poky-linux/4.9.1/../../.. -L/usr/lib/i586-poky-linux/4.9.1 CMakeFiles/cmTC_e71c2.dir/CMakeCCompilerABI.c.o -lgcc --as-needed -lgcc_s --no-as-needed -lc -lgcc --as-needed -lgcc_s --no-as-needed /usr/lib/gcc/i586-poky-linux/4.9.1/../../../i586-poky-linux/4.9.1/crtend.o /usr/lib/gcc/i586-poky-linux/4.9.1/../../../crtn.o
make[1]: Leaving directory '/home/goalmax/make_dir/CMakeFiles/CMakeTmp'


Parsed C implicit link information from above output:
  link line regex: [^( *|.*[/\])(ld|([^/\]+-)?ld|collect2)[^/\]*( |$)]
  ignore line: [Change Dir: /home/goalmax/make_dir/CMakeFiles/CMakeTmp]
  ignore line: []
  ignore line: [Run Build Command:"/usr/bin/make" "cmTC_e71c2/fast"]
  ignore line: [/usr/bin/make -f CMakeFiles/cmTC_e71c2.dir/build.make CMakeFiles/cmTC_e71c2.dir/build]
  ignore line: [make[1]: Entering directory '/home/goalmax/make_dir/CMakeFiles/CMakeTmp']
  ignore line: [Building C object CMakeFiles/cmTC_e71c2.dir/CMakeCCompilerABI.c.o]
  ignore line: [/usr/bin/cc    -o CMakeFiles/cmTC_e71c2.dir/CMakeCCompilerABI.c.o   -c /usr/share/cmake-3.3/Modules/CMakeCCompilerABI.c]
  ignore line: [Linking C executable cmTC_e71c2]
  ignore line: [/usr/bin/cmake -E cmake_link_script CMakeFiles/cmTC_e71c2.dir/link.txt --verbose=1]
  ignore line: [/usr/bin/cc      -v CMakeFiles/cmTC_e71c2.dir/CMakeCCompilerABI.c.o  -o cmTC_e71c2 -rdynamic  ]
  ignore line: [Using built-in specs.]
  ignore line: [COLLECT_GCC=/usr/bin/cc]
  ignore line: [COLLECT_LTO_WRAPPER=/usr/lib/gcc/gcc/i586-poky-linux/4.9.1/lto-wrapper]
  ignore line: [Target: i586-poky-linux]
  ignore line: [Configured with: /export/users/neck/iotdk_3.5_dev/workdir/build_edison/tmp/work-shared/gcc-4.9.1-r0/gcc-4.9.1/configure --build=x86_64-linux --host=i586-poky-linux --target=i586-poky-linux --prefix=/usr --exec_prefix=/usr --bindir=/usr/bin --sbindir=/usr/sbin --libexecdir=/usr/lib/gcc --datadir=/usr/share --sysconfdir=/etc --sharedstatedir=/com --localstatedir=/var --libdir=/usr/lib --includedir=/usr/include --oldincludedir=/usr/include --infodir=/usr/share/info --mandir=/usr/share/man --disable-silent-rules --disable-dependency-tracking --with-libtool-sysroot=/export/users/neck/iotdk_3.5_dev/workdir/build_edison/tmp/sysroots/edison --with-gnu-ld --enable-shared --enable-languages=c,c++ --enable-threads=posix --enable-multilib --enable-c99 --enable-long-long --enable-symvers=gnu --enable-libstdcxx-pch --program-prefix=i586-poky-linux- --without-local-prefix --enable-target-optspace --enable-lto --enable-libssp --disable-bootstrap --disable-libmudflap --with-system-zlib --with-linker-hash-style=gnu --enable-linker-build-id --with-ppl=no --with-cloog=no --enable-checking=release --enable-cheaders=c_global --with-sysroot=/ --with-build-sysroot=/export/users/neck/iotdk_3.5_dev/workdir/build_edison/tmp/sysroots/edison --with-native-system-header-dir=/export/users/neck/iotdk_3.5_dev/workdir/build_edison/tmp/sysroots/edison/usr/include --with-gxx-include-dir=/usr/include/c++/4.9.1 --enable-nls --enable-__cxa_atexit]
  ignore line: [Thread model: posix]
  ignore line: [gcc version 4.9.1 (GCC) ]
  ignore line: [COMPILER_PATH=/usr/lib/gcc/gcc/i586-poky-linux/4.9.1/:/usr/lib/gcc/gcc/i586-poky-linux/4.9.1/:/usr/lib/gcc/gcc/i586-poky-linux/:/usr/lib/gcc/i586-poky-linux/4.9.1/:/usr/lib/gcc/i586-poky-linux/:/usr/lib/gcc/i586-poky-linux/4.9.1/../../../../i586-poky-linux/bin/]
  ignore line: [LIBRARY_PATH=/usr/lib/gcc/i586-poky-linux/4.9.1/:/usr/lib/gcc/i586-poky-linux/4.9.1/../../../i586-poky-linux/4.9.1/:/usr/lib/gcc/i586-poky-linux/4.9.1/../../../:/lib/:/usr/lib/i586-poky-linux/4.9.1/:/usr/lib/]
  ignore line: [COLLECT_GCC_OPTIONS='-v' '-o' 'cmTC_e71c2' '-rdynamic' '-mtune=pentium' '-march=pentium']
  link line: [ /usr/lib/gcc/gcc/i586-poky-linux/4.9.1/collect2 -plugin /usr/lib/gcc/gcc/i586-poky-linux/4.9.1/liblto_plugin.so -plugin-opt=/usr/lib/gcc/gcc/i586-poky-linux/4.9.1/lto-wrapper -plugin-opt=-fresolution=/tmp/ccnEyDSb.res -plugin-opt=-pass-through=-lgcc -plugin-opt=-pass-through=-lgcc_s -plugin-opt=-pass-through=-lc -plugin-opt=-pass-through=-lgcc -plugin-opt=-pass-through=-lgcc_s --sysroot=/ --build-id --eh-frame-hdr --hash-style=gnu -m elf_i386 -export-dynamic -dynamic-linker /lib/ld-linux.so.2 -o cmTC_e71c2 /usr/lib/gcc/i586-poky-linux/4.9.1/../../../crt1.o /usr/lib/gcc/i586-poky-linux/4.9.1/../../../crti.o /usr/lib/gcc/i586-poky-linux/4.9.1/../../../i586-poky-linux/4.9.1/crtbegin.o -L/usr/lib/gcc/i586-poky-linux/4.9.1 -L/usr/lib/gcc/i586-poky-linux/4.9.1/../../../i586-poky-linux/4.9.1 -L/usr/lib/gcc/i586-poky-linux/4.9.1/../../.. -L/usr/lib/i586-poky-linux/4.9.1 CMakeFiles/cmTC_e71c2.dir/CMakeCCompilerABI.c.o -lgcc --as-needed -lgcc_s --no-as-needed -lc -lgcc --as-needed -lgcc_s --no-as-needed /usr/lib/gcc/i586-poky-linux/4.9.1/../../../i586-poky-linux/4.9.1/crtend.o /usr/lib/gcc/i586-poky-linux/4.9.1/../../../crtn.o]
    arg [/usr/lib/gcc/gcc/i586-poky-linux/4.9.1/collect2] ==> ignore
    arg [-plugin] ==> ignore
    arg [/usr/lib/gcc/gcc/i586-poky-linux/4.9.1/liblto_plugin.so] ==> ignore
    arg [-plugin-opt=/usr/lib/gcc/gcc/i586-poky-linux/4.9.1/lto-wrapper] ==> ignore
    arg [-plugin-opt=-fresolution=/tmp/ccnEyDSb.res] ==> ignore
    arg [-plugin-opt=-pass-through=-lgcc] ==> ignore
    arg [-plugin-opt=-pass-through=-lgcc_s] ==> ignore
    arg [-plugin-opt=-pass-through=-lc] ==> ignore
    arg [-plugin-opt=-pass-through=-lgcc] ==> ignore
    arg [-plugin-opt=-pass-through=-lgcc_s] ==> ignore
    arg [--sysroot=/] ==> ignore
    arg [--build-id] ==> ignore
    arg [--eh-frame-hdr] ==> ignore
    arg [--hash-style=gnu] ==> ignore
    arg [-m] ==> ignore
    arg [elf_i386] ==> ignore
    arg [-export-dynamic] ==> ignore
    arg [-dynamic-linker] ==> ignore
    arg [/lib/ld-linux.so.2] ==> ignore
    arg [-o] ==> ignore
    arg [cmTC_e71c2] ==> ignore
    arg [/usr/lib/gcc/i586-poky-linux/4.9.1/../../../crt1.o] ==> ignore
    arg [/usr/lib/gcc/i586-poky-linux/4.9.1/../../../crti.o] ==> ignore
    arg [/usr/lib/gcc/i586-poky-linux/4.9.1/../../../i586-poky-linux/4.9.1/crtbegin.o] ==> ignore
    arg [-L/usr/lib/gcc/i586-poky-linux/4.9.1] ==> dir [/usr/lib/gcc/i586-poky-linux/4.9.1]
    arg [-L/usr/lib/gcc/i586-poky-linux/4.9.1/../../../i586-poky-linux/4.9.1] ==> dir [/usr/lib/gcc/i586-poky-linux/4.9.1/../../../i586-poky-linux/4.9.1]
    arg [-L/usr/lib/gcc/i586-poky-linux/4.9.1/../../..] ==> dir [/usr/lib/gcc/i586-poky-linux/4.9.1/../../..]
    arg [-L/usr/lib/i586-poky-linux/4.9.1] ==> dir [/usr/lib/i586-poky-linux/4.9.1]
    arg [CMakeFiles/cmTC_e71c2.dir/CMakeCCompilerABI.c.o] ==> ignore
    arg [-lgcc] ==> lib [gcc]
    arg [--as-needed] ==> ignore
    arg [-lgcc_s] ==> lib [gcc_s]
    arg [--no-as-needed] ==> ignore
    arg [-lc] ==> lib [c]
    arg [-lgcc] ==> lib [gcc]
    arg [--as-needed] ==> ignore
    arg [-lgcc_s] ==> lib [gcc_s]
    arg [--no-as-needed] ==> ignore
    arg [/usr/lib/gcc/i586-poky-linux/4.9.1/../../../i586-poky-linux/4.9.1/crtend.o] ==> ignore
    arg [/usr/lib/gcc/i586-poky-linux/4.9.1/../../../crtn.o] ==> ignore
  remove lib [gcc]
  remove lib [gcc_s]
  remove lib [gcc]
  remove lib [gcc_s]
  collapse library dir [/usr/lib/gcc/i586-poky-linux/4.9.1] ==> [/usr/lib/gcc/i586-poky-linux/4.9.1]
  collapse library dir [/usr/lib/gcc/i586-poky-linux/4.9.1/../../../i586-poky-linux/4.9.1] ==> [/usr/lib/i586-poky-linux/4.9.1]
  collapse library dir [/usr/lib/gcc/i586-poky-linux/4.9.1/../../..] ==> [/usr/lib]
  collapse library dir [/usr/lib/i586-poky-linux/4.9.1] ==> [/usr/lib/i586-poky-linux/4.9.1]
  implicit libs: [c]
  implicit dirs: [/usr/lib/gcc/i586-poky-linux/4.9.1;/usr/lib/i586-poky-linux/4.9.1;/usr/lib]
  implicit fwks: []




Detecting C [-std=c11] compiler features compiled with the following output:
Change Dir: /home/goalmax/make_dir/CMakeFiles/CMakeTmp

Run Build Command:"/usr/bin/make" "cmTC_0f9cf/fast"
/usr/bin/make -f CMakeFiles/cmTC_0f9cf.dir/build.make CMakeFiles/cmTC_0f9cf.dir/build
make[1]: Entering directory '/home/goalmax/make_dir/CMakeFiles/CMakeTmp'
Building C object CMakeFiles/cmTC_0f9cf.dir/feature_tests.c.o
/usr/bin/cc   -std=c11 -o CMakeFiles/cmTC_0f9cf.dir/feature_tests.c.o   -c /home/goalmax/make_dir/CMakeFiles/feature_tests.c
Linking C executable cmTC_0f9cf
/usr/bin/cmake -E cmake_link_script CMakeFiles/cmTC_0f9cf.dir/link.txt --verbose=1
/usr/bin/cc       CMakeFiles/cmTC_0f9cf.dir/feature_tests.c.o  -o cmTC_0f9cf -rdynamic 
make[1]: Leaving directory '/home/goalmax/make_dir/CMakeFiles/CMakeTmp'


    Feature record: C_FEATURE:1c_function_prototypes
    Feature record: C_FEATURE:1c_restrict
    Feature record: C_FEATURE:1c_static_assert
    Feature record: C_FEATURE:1c_variadic_macros


Detecting C [-std=c99] compiler features compiled with the following output:
Change Dir: /home/goalmax/make_dir/CMakeFiles/CMakeTmp

Run Build Command:"/usr/bin/make" "cmTC_3445c/fast"
/usr/bin/make -f CMakeFiles/cmTC_3445c.dir/build.make CMakeFiles/cmTC_3445c.dir/build
make[1]: Entering directory '/home/goalmax/make_dir/CMakeFiles/CMakeTmp'
Building C object CMakeFiles/cmTC_3445c.dir/feature_tests.c.o
/usr/bin/cc   -std=c99 -o CMakeFiles/cmTC_3445c.dir/feature_tests.c.o   -c /home/goalmax/make_dir/CMakeFiles/feature_tests.c
Linking C executable cmTC_3445c
/usr/bin/cmake -E cmake_link_script CMakeFiles/cmTC_3445c.dir/link.txt --verbose=1
/usr/bin/cc       CMakeFiles/cmTC_3445c.dir/feature_tests.c.o  -o cmTC_3445c -rdynamic 
make[1]: Leaving directory '/home/goalmax/make_dir/CMakeFiles/CMakeTmp'


    Feature record: C_FEATURE:1c_function_prototypes
    Feature record: C_FEATURE:1c_restrict
    Feature record: C_FEATURE:0c_static_assert
    Feature record: C_FEATURE:1c_variadic_macros


Detecting C [-std=c90] compiler features compiled with the following output:
Change Dir: /home/goalmax/make_dir/CMakeFiles/CMakeTmp

Run Build Command:"/usr/bin/make" "cmTC_0a531/fast"
/usr/bin/make -f CMakeFiles/cmTC_0a531.dir/build.make CMakeFiles/cmTC_0a531.dir/build
make[1]: Entering directory '/home/goalmax/make_dir/CMakeFiles/CMakeTmp'
Building C object CMakeFiles/cmTC_0a531.dir/feature_tests.c.o
/usr/bin/cc   -std=c90 -o CMakeFiles/cmTC_0a531.dir/feature_tests.c.o   -c /home/goalmax/make_dir/CMakeFiles/feature_tests.c
Linking C executable cmTC_0a531
/usr/bin/cmake -E cmake_link_script CMakeFiles/cmTC_0a531.dir/link.txt --verbose=1
/usr/bin/cc       CMakeFiles/cmTC_0a531.dir/feature_tests.c.o  -o cmTC_0a531 -rdynamic 
make[1]: Leaving directory '/home/goalmax/make_dir/CMakeFiles/CMakeTmp'


    Feature record: C_FEATURE:1c_function_prototypes
    Feature record: C_FEATURE:0c_restrict
    Feature record: C_FEATURE:0c_static_assert
    Feature record: C_FEATURE:0c_variadic_macros
Determining if the CXX compiler works passed with the following output:
Change Dir: /home/goalmax/make_dir/CMakeFiles/CMakeTmp

Run Build Command:"/usr/bin/make" "cmTC_5345d/fast"
/usr/bin/make -f CMakeFiles/cmTC_5345d.dir/build.make CMakeFiles/cmTC_5345d.dir/build
make[1]: Entering directory '/home/goalmax/make_dir/CMakeFiles/CMakeTmp'
Building CXX object CMakeFiles/cmTC_5345d.dir/testCXXCompiler.cxx.o
/usr/bin/c++     -o CMakeFiles/cmTC_5345d.dir/testCXXCompiler.cxx.o -c /home/goalmax/make_dir/CMakeFiles/CMakeTmp/testCXXCompiler.cxx
Linking CXX executable cmTC_5345d
/usr/bin/cmake -E cmake_link_script CMakeFiles/cmTC_5345d.dir/link.txt --verbose=1
/usr/bin/c++        CMakeFiles/cmTC_5345d.dir/testCXXCompiler.cxx.o  -o cmTC_5345d -rdynamic 
make[1]: Leaving directory '/home/goalmax/make_dir/CMakeFiles/CMakeTmp'


Detecting CXX compiler ABI info compiled with the following output:
Change Dir: /home/goalmax/make_dir/CMakeFiles/CMakeTmp

Run Build Command:"/usr/bin/make" "cmTC_35ee8/fast"
/usr/bin/make -f CMakeFiles/cmTC_35ee8.dir/build.make CMakeFiles/cmTC_35ee8.dir/build
make[1]: Entering directory '/home/goalmax/make_dir/CMakeFiles/CMakeTmp'
Building CXX object CMakeFiles/cmTC_35ee8.dir/CMakeCXXCompilerABI.cpp.o
/usr/bin/c++     -o CMakeFiles/cmTC_35ee8.dir/CMakeCXXCompilerABI.cpp.o -c /usr/share/cmake-3.3/Modules/CMakeCXXCompilerABI.cpp
Linking CXX executable cmTC_35ee8
/usr/bin/cmake -E cmake_link_script CMakeFiles/cmTC_35ee8.dir/link.txt --verbose=1
/usr/bin/c++       -v CMakeFiles/cmTC_35ee8.dir/CMakeCXXCompilerABI.cpp.o  -o cmTC_35ee8 -rdynamic  
Using built-in specs.
COLLECT_GCC=/usr/bin/c++
COLLECT_LTO_WRAPPER=/usr/lib/gcc/gcc/i586-poky-linux/4.9.1/lto-wrapper
Target: i586-poky-linux
Configured with: /export/users/neck/iotdk_3.5_dev/workdir/build_edison/tmp/work-shared/gcc-4.9.1-r0/gcc-4.9.1/configure --build=x86_64-linux --host=i586-poky-linux --target=i586-poky-linux --prefix=/usr --exec_prefix=/usr --bindir=/usr/bin --sbindir=/usr/sbin --libexecdir=/usr/lib/gcc --datadir=/usr/share --sysconfdir=/etc --sharedstatedir=/com --localstatedir=/var --libdir=/usr/lib --includedir=/usr/include --oldincludedir=/usr/include --infodir=/usr/share/info --mandir=/usr/share/man --disable-silent-rules --disable-dependency-tracking --with-libtool-sysroot=/export/users/neck/iotdk_3.5_dev/workdir/build_edison/tmp/sysroots/edison --with-gnu-ld --enable-shared --enable-languages=c,c++ --enable-threads=posix --enable-multilib --enable-c99 --enable-long-long --enable-symvers=gnu --enable-libstdcxx-pch --program-prefix=i586-poky-linux- --without-local-prefix --enable-target-optspace --enable-lto --enable-libssp --disable-bootstrap --disable-libmudflap --with-system-zlib --with-linker-hash-style=gnu --enable-linker-build-id --with-ppl=no --with-cloog=no --enable-checking=release --enable-cheaders=c_global --with-sysroot=/ --with-build-sysroot=/export/users/neck/iotdk_3.5_dev/workdir/build_edison/tmp/sysroots/edison --with-native-system-header-dir=/export/users/neck/iotdk_3.5_dev/workdir/build_edison/tmp/sysroots/edison/usr/include --with-gxx-include-dir=/usr/include/c++/4.9.1 --enable-nls --enable-__cxa_atexit
Thread model: posix
gcc version 4.9.1 (GCC) 
COMPILER_PATH=/usr/lib/gcc/gcc/i586-poky-linux/4.9.1/:/usr/lib/gcc/gcc/i586-poky-linux/4.9.1/:/usr/lib/gcc/gcc/i586-poky-linux/:/usr/lib/gcc/i586-poky-linux/4.9.1/:/usr/lib/gcc/i586-poky-linux/:/usr/lib/gcc/i586-poky-linux/4.9.1/../../../../i586-poky-linux/bin/
LIBRARY_PATH=/usr/lib/gcc/i586-poky-linux/4.9.1/:/usr/lib/gcc/i586-poky-linux/4.9.1/../../../i586-poky-linux/4.9.1/:/usr/lib/gcc/i586-poky-linux/4.9.1/../../../:/lib/:/usr/lib/i586-poky-linux/4.9.1/:/usr/lib/
COLLECT_GCC_OPTIONS='-v' '-o' 'cmTC_35ee8' '-rdynamic' '-shared-libgcc' '-mtune=pentium' '-march=pentium'
 /usr/lib/gcc/gcc/i586-poky-linux/4.9.1/collect2 -plugin /usr/lib/gcc/gcc/i586-poky-linux/4.9.1/liblto_plugin.so -plugin-opt=/usr/lib/gcc/gcc/i586-poky-linux/4.9.1/lto-wrapper -plugin-opt=-fresolution=/tmp/ccjn170h.res -plugin-opt=-pass-through=-lgcc_s -plugin-opt=-pass-through=-lgcc -plugin-opt=-pass-through=-lc -plugin-opt=-pass-through=-lgcc_s -plugin-opt=-pass-through=-lgcc --sysroot=/ --build-id --eh-frame-hdr --hash-style=gnu -m elf_i386 -export-dynamic -dynamic-linker /lib/ld-linux.so.2 -o cmTC_35ee8 /usr/lib/gcc/i586-poky-linux/4.9.1/../../../crt1.o /usr/lib/gcc/i586-poky-linux/4.9.1/../../../crti.o /usr/lib/gcc/i586-poky-linux/4.9.1/../../../i586-poky-linux/4.9.1/crtbegin.o -L/usr/lib/gcc/i586-poky-linux/4.9.1 -L/usr/lib/gcc/i586-poky-linux/4.9.1/../../../i586-poky-linux/4.9.1 -L/usr/lib/gcc/i586-poky-linux/4.9.1/../../.. -L/usr/lib/i586-poky-linux/4.9.1 CMakeFiles/cmTC_35ee8.dir/CMakeCXXCompilerABI.cpp.o -lstdc++ -lm -lgcc_s -lgcc -lc -lgcc_s -lgcc /usr/lib/gcc/i586-poky-linux/4.9.1/../../../i586-poky-linux/4.9.1/crtend.o /usr/lib/gcc/i586-poky-linux/4.9.1/../../../crtn.o
make[1]: Leaving directory '/home/goalmax/make_dir/CMakeFiles/CMakeTmp'


Parsed CXX implicit link information from above output:
  link line regex: [^( *|.*[/\])(ld|([^/\]+-)?ld|collect2)[^/\]*( |$)]
  ignore line: [Change Dir: /home/goalmax/make_dir/CMakeFiles/CMakeTmp]
  ignore line: []
  ignore line: [Run Build Command:"/usr/bin/make" "cmTC_35ee8/fast"]
  ignore line: [/usr/bin/make -f CMakeFiles/cmTC_35ee8.dir/build.make CMakeFiles/cmTC_35ee8.dir/build]
  ignore line: [make[1]: Entering directory '/home/goalmax/make_dir/CMakeFiles/CMakeTmp']
  ignore line: [Building CXX object CMakeFiles/cmTC_35ee8.dir/CMakeCXXCompilerABI.cpp.o]
  ignore line: [/usr/bin/c++     -o CMakeFiles/cmTC_35ee8.dir/CMakeCXXCompilerABI.cpp.o -c /usr/share/cmake-3.3/Modules/CMakeCXXCompilerABI.cpp]
  ignore line: [Linking CXX executable cmTC_35ee8]
  ignore line: [/usr/bin/cmake -E cmake_link_script CMakeFiles/cmTC_35ee8.dir/link.txt --verbose=1]
  ignore line: [/usr/bin/c++       -v CMakeFiles/cmTC_35ee8.dir/CMakeCXXCompilerABI.cpp.o  -o cmTC_35ee8 -rdynamic  ]
  ignore line: [Using built-in specs.]
  ignore line: [COLLECT_GCC=/usr/bin/c++]
  ignore line: [COLLECT_LTO_WRAPPER=/usr/lib/gcc/gcc/i586-poky-linux/4.9.1/lto-wrapper]
  ignore line: [Target: i586-poky-linux]
  ignore line: [Configured with: /export/users/neck/iotdk_3.5_dev/workdir/build_edison/tmp/work-shared/gcc-4.9.1-r0/gcc-4.9.1/configure --build=x86_64-linux --host=i586-poky-linux --target=i586-poky-linux --prefix=/usr --exec_prefix=/usr --bindir=/usr/bin --sbindir=/usr/sbin --libexecdir=/usr/lib/gcc --datadir=/usr/share --sysconfdir=/etc --sharedstatedir=/com --localstatedir=/var --libdir=/usr/lib --includedir=/usr/include --oldincludedir=/usr/include --infodir=/usr/share/info --mandir=/usr/share/man --disable-silent-rules --disable-dependency-tracking --with-libtool-sysroot=/export/users/neck/iotdk_3.5_dev/workdir/build_edison/tmp/sysroots/edison --with-gnu-ld --enable-shared --enable-languages=c,c++ --enable-threads=posix --enable-multilib --enable-c99 --enable-long-long --enable-symvers=gnu --enable-libstdcxx-pch --program-prefix=i586-poky-linux- --without-local-prefix --enable-target-optspace --enable-lto --enable-libssp --disable-bootstrap --disable-libmudflap --with-system-zlib --with-linker-hash-style=gnu --enable-linker-build-id --with-ppl=no --with-cloog=no --enable-checking=release --enable-cheaders=c_global --with-sysroot=/ --with-build-sysroot=/export/users/neck/iotdk_3.5_dev/workdir/build_edison/tmp/sysroots/edison --with-native-system-header-dir=/export/users/neck/iotdk_3.5_dev/workdir/build_edison/tmp/sysroots/edison/usr/include --with-gxx-include-dir=/usr/include/c++/4.9.1 --enable-nls --enable-__cxa_atexit]
  ignore line: [Thread model: posix]
  ignore line: [gcc version 4.9.1 (GCC) ]
  ignore line: [COMPILER_PATH=/usr/lib/gcc/gcc/i586-poky-linux/4.9.1/:/usr/lib/gcc/gcc/i586-poky-linux/4.9.1/:/usr/lib/gcc/gcc/i586-poky-linux/:/usr/lib/gcc/i586-poky-linux/4.9.1/:/usr/lib/gcc/i586-poky-linux/:/usr/lib/gcc/i586-poky-linux/4.9.1/../../../../i586-poky-linux/bin/]
  ignore line: [LIBRARY_PATH=/usr/lib/gcc/i586-poky-linux/4.9.1/:/usr/lib/gcc/i586-poky-linux/4.9.1/../../../i586-poky-linux/4.9.1/:/usr/lib/gcc/i586-poky-linux/4.9.1/../../../:/lib/:/usr/lib/i586-poky-linux/4.9.1/:/usr/lib/]
  ignore line: [COLLECT_GCC_OPTIONS='-v' '-o' 'cmTC_35ee8' '-rdynamic' '-shared-libgcc' '-mtune=pentium' '-march=pentium']
  link line: [ /usr/lib/gcc/gcc/i586-poky-linux/4.9.1/collect2 -plugin /usr/lib/gcc/gcc/i586-poky-linux/4.9.1/liblto_plugin.so -plugin-opt=/usr/lib/gcc/gcc/i586-poky-linux/4.9.1/lto-wrapper -plugin-opt=-fresolution=/tmp/ccjn170h.res -plugin-opt=-pass-through=-lgcc_s -plugin-opt=-pass-through=-lgcc -plugin-opt=-pass-through=-lc -plugin-opt=-pass-through=-lgcc_s -plugin-opt=-pass-through=-lgcc --sysroot=/ --build-id --eh-frame-hdr --hash-style=gnu -m elf_i386 -export-dynamic -dynamic-linker /lib/ld-linux.so.2 -o cmTC_35ee8 /usr/lib/gcc/i586-poky-linux/4.9.1/../../../crt1.o /usr/lib/gcc/i586-poky-linux/4.9.1/../../../crti.o /usr/lib/gcc/i586-poky-linux/4.9.1/../../../i586-poky-linux/4.9.1/crtbegin.o -L/usr/lib/gcc/i586-poky-linux/4.9.1 -L/usr/lib/gcc/i586-poky-linux/4.9.1/../../../i586-poky-linux/4.9.1 -L/usr/lib/gcc/i586-poky-linux/4.9.1/../../.. -L/usr/lib/i586-poky-linux/4.9.1 CMakeFiles/cmTC_35ee8.dir/CMakeCXXCompilerABI.cpp.o -lstdc++ -lm -lgcc_s -lgcc -lc -lgcc_s -lgcc /usr/lib/gcc/i586-poky-linux/4.9.1/../../../i586-poky-linux/4.9.1/crtend.o /usr/lib/gcc/i586-poky-linux/4.9.1/../../../crtn.o]
    arg [/usr/lib/gcc/gcc/i586-poky-linux/4.9.1/collect2] ==> ignore
    arg [-plugin] ==> ignore
    arg [/usr/lib/gcc/gcc/i586-poky-linux/4.9.1/liblto_plugin.so] ==> ignore
    arg [-plugin-opt=/usr/lib/gcc/gcc/i586-poky-linux/4.9.1/lto-wrapper] ==> ignore
    arg [-plugin-opt=-fresolution=/tmp/ccjn170h.res] ==> ignore
    arg [-plugin-opt=-pass-through=-lgcc_s] ==> ignore
    arg [-plugin-opt=-pass-through=-lgcc] ==> ignore
    arg [-plugin-opt=-pass-through=-lc] ==> ignore
    arg [-plugin-opt=-pass-through=-lgcc_s] ==> ignore
    arg [-plugin-opt=-pass-through=-lgcc] ==> ignore
    arg [--sysroot=/] ==> ignore
    arg [--build-id] ==> ignore
    arg [--eh-frame-hdr] ==> ignore
    arg [--hash-style=gnu] ==> ignore
    arg [-m] ==> ignore
    arg [elf_i386] ==> ignore
    arg [-export-dynamic] ==> ignore
    arg [-dynamic-linker] ==> ignore
    arg [/lib/ld-linux.so.2] ==> ignore
    arg [-o] ==> ignore
    arg [cmTC_35ee8] ==> ignore
    arg [/usr/lib/gcc/i586-poky-linux/4.9.1/../../../crt1.o] ==> ignore
    arg [/usr/lib/gcc/i586-poky-linux/4.9.1/../../../crti.o] ==> ignore
    arg [/usr/lib/gcc/i586-poky-linux/4.9.1/../../../i586-poky-linux/4.9.1/crtbegin.o] ==> ignore
    arg [-L/usr/lib/gcc/i586-poky-linux/4.9.1] ==> dir [/usr/lib/gcc/i586-poky-linux/4.9.1]
    arg [-L/usr/lib/gcc/i586-poky-linux/4.9.1/../../../i586-poky-linux/4.9.1] ==> dir [/usr/lib/gcc/i586-poky-linux/4.9.1/../../../i586-poky-linux/4.9.1]
    arg [-L/usr/lib/gcc/i586-poky-linux/4.9.1/../../..] ==> dir [/usr/lib/gcc/i586-poky-linux/4.9.1/../../..]
    arg [-L/usr/lib/i586-poky-linux/4.9.1] ==> dir [/usr/lib/i586-poky-linux/4.9.1]
    arg [CMakeFiles/cmTC_35ee8.dir/CMakeCXXCompilerABI.cpp.o] ==> ignore
    arg [-lstdc++] ==> lib [stdc++]
    arg [-lm] ==> lib [m]
    arg [-lgcc_s] ==> lib [gcc_s]
    arg [-lgcc] ==> lib [gcc]
    arg [-lc] ==> lib [c]
    arg [-lgcc_s] ==> lib [gcc_s]
    arg [-lgcc] ==> lib [gcc]
    arg [/usr/lib/gcc/i586-poky-linux/4.9.1/../../../i586-poky-linux/4.9.1/crtend.o] ==> ignore
    arg [/usr/lib/gcc/i586-poky-linux/4.9.1/../../../crtn.o] ==> ignore
  remove lib [gcc_s]
  remove lib [gcc]
  remove lib [gcc_s]
  remove lib [gcc]
  collapse library dir [/usr/lib/gcc/i586-poky-linux/4.9.1] ==> [/usr/lib/gcc/i586-poky-linux/4.9.1]
  collapse library dir [/usr/lib/gcc/i586-poky-linux/4.9.1/../../../i586-poky-linux/4.9.1] ==> [/usr/lib/i586-poky-linux/4.9.1]
  collapse library dir [/usr/lib/gcc/i586-poky-linux/4.9.1/../../..] ==> [/usr/lib]
  collapse library dir [/usr/lib/i586-poky-linux/4.9.1] ==> [/usr/lib/i586-poky-linux/4.9.1]
  implicit libs: [stdc++;m;c]
  implicit dirs: [/usr/lib/gcc/i586-poky-linux/4.9.1;/usr/lib/i586-poky-linux/4.9.1;/usr/lib]
  implicit fwks: []




Detecting CXX [-std=c++14] compiler features compiled with the following output:
Change Dir: /home/goalmax/make_dir/CMakeFiles/CMakeTmp

Run Build Command:"/usr/bin/make" "cmTC_4f47a/fast"
/usr/bin/make -f CMakeFiles/cmTC_4f47a.dir/build.make CMakeFiles/cmTC_4f47a.dir/build
make[1]: Entering directory '/home/goalmax/make_dir/CMakeFiles/CMakeTmp'
Building CXX object CMakeFiles/cmTC_4f47a.dir/feature_tests.cxx.o
/usr/bin/c++    -std=c++14 -o CMakeFiles/cmTC_4f47a.dir/feature_tests.cxx.o -c /home/goalmax/make_dir/CMakeFiles/feature_tests.cxx
Linking CXX executable cmTC_4f47a
/usr/bin/cmake -E cmake_link_script CMakeFiles/cmTC_4f47a.dir/link.txt --verbose=1
/usr/bin/c++        CMakeFiles/cmTC_4f47a.dir/feature_tests.cxx.o  -o cmTC_4f47a -rdynamic 
make[1]: Leaving directory '/home/goalmax/make_dir/CMakeFiles/CMakeTmp'


    Feature record: CXX_FEATURE:0cxx_aggregate_default_initializers
    Feature record: CXX_FEATURE:1cxx_alias_templates
    Feature record: CXX_FEATURE:1cxx_alignas
    Feature record: CXX_FEATURE:1cxx_alignof
    Feature record: CXX_FEATURE:1cxx_attributes
    Feature record: CXX_FEATURE:1cxx_attribute_deprecated
    Feature record: CXX_FEATURE:1cxx_auto_type
    Feature record: CXX_FEATURE:1cxx_binary_literals
    Feature record: CXX_FEATURE:1cxx_constexpr
    Feature record: CXX_FEATURE:1cxx_contextual_conversions
    Feature record: CXX_FEATURE:1cxx_decltype
    Feature record: CXX_FEATURE:1cxx_decltype_auto
    Feature record: CXX_FEATURE:1cxx_decltype_incomplete_return_types
    Feature record: CXX_FEATURE:1cxx_default_function_template_args
    Feature record: CXX_FEATURE:1cxx_defaulted_functions
    Feature record: CXX_FEATURE:1cxx_defaulted_move_initializers
    Feature record: CXX_FEATURE:1cxx_delegating_constructors
    Feature record: CXX_FEATURE:1cxx_deleted_functions
    Feature record: CXX_FEATURE:1cxx_digit_separators
    Feature record: CXX_FEATURE:1cxx_enum_forward_declarations
    Feature record: CXX_FEATURE:1cxx_explicit_conversions
    Feature record: CXX_FEATURE:1cxx_extended_friend_declarations
    Feature record: CXX_FEATURE:1cxx_extern_templates
    Feature record: CXX_FEATURE:1cxx_final
    Feature record: CXX_FEATURE:1cxx_func_identifier
    Feature record: CXX_FEATURE:1cxx_generalized_initializers
    Feature record: CXX_FEATURE:1cxx_generic_lambdas
    Feature record: CXX_FEATURE:1cxx_inheriting_constructors
    Feature record: CXX_FEATURE:1cxx_inline_namespaces
    Feature record: CXX_FEATURE:1cxx_lambdas
    Feature record: CXX_FEATURE:1cxx_lambda_init_captures
    Feature record: CXX_FEATURE:1cxx_local_type_template_args
    Feature record: CXX_FEATURE:1cxx_long_long_type
    Feature record: CXX_FEATURE:1cxx_noexcept
    Feature record: CXX_FEATURE:1cxx_nonstatic_member_init
    Feature record: CXX_FEATURE:1cxx_nullptr
    Feature record: CXX_FEATURE:1cxx_override
    Feature record: CXX_FEATURE:1cxx_range_for
    Feature record: CXX_FEATURE:1cxx_raw_string_literals
    Feature record: CXX_FEATURE:1cxx_reference_qualified_functions
    Feature record: CXX_FEATURE:0cxx_relaxed_constexpr
    Feature record: CXX_FEATURE:1cxx_return_type_deduction
    Feature record: CXX_FEATURE:1cxx_right_angle_brackets
    Feature record: CXX_FEATURE:1cxx_rvalue_references
    Feature record: CXX_FEATURE:1cxx_sizeof_member
    Feature record: CXX_FEATURE:1cxx_static_assert
    Feature record: CXX_FEATURE:1cxx_strong_enums
    Feature record: CXX_FEATURE:1cxx_template_template_parameters
    Feature record: CXX_FEATURE:1cxx_thread_local
    Feature record: CXX_FEATURE:1cxx_trailing_return_types
    Feature record: CXX_FEATURE:1cxx_unicode_literals
    Feature record: CXX_FEATURE:1cxx_uniform_initialization
    Feature record: CXX_FEATURE:1cxx_unrestricted_unions
    Feature record: CXX_FEATURE:1cxx_user_literals
    Feature record: CXX_FEATURE:0cxx_variable_templates
    Feature record: CXX_FEATURE:1cxx_variadic_macros
    Feature record: CXX_FEATURE:1cxx_variadic_templates


Detecting CXX [-std=c++11] compiler features compiled with the following output:
Change Dir: /home/goalmax/make_dir/CMakeFiles/CMakeTmp

Run Build Command:"/usr/bin/make" "cmTC_fccab/fast"
/usr/bin/make -f CMakeFiles/cmTC_fccab.dir/build.make CMakeFiles/cmTC_fccab.dir/build
make[1]: Entering directory '/home/goalmax/make_dir/CMakeFiles/CMakeTmp'
Building CXX object CMakeFiles/cmTC_fccab.dir/feature_tests.cxx.o
/usr/bin/c++    -std=c++11 -o CMakeFiles/cmTC_fccab.dir/feature_tests.cxx.o -c /home/goalmax/make_dir/CMakeFiles/feature_tests.cxx
Linking CXX executable cmTC_fccab
/usr/bin/cmake -E cmake_link_script CMakeFiles/cmTC_fccab.dir/link.txt --verbose=1
/usr/bin/c++        CMakeFiles/cmTC_fccab.dir/feature_tests.cxx.o  -o cmTC_fccab -rdynamic 
make[1]: Leaving directory '/home/goalmax/make_dir/CMakeFiles/CMakeTmp'


    Feature record: CXX_FEATURE:0cxx_aggregate_default_initializers
    Feature record: CXX_FEATURE:1cxx_alias_templates
    Feature record: CXX_FEATURE:1cxx_alignas
    Feature record: CXX_FEATURE:1cxx_alignof
    Feature record: CXX_FEATURE:1cxx_attributes
    Feature record: CXX_FEATURE:0cxx_attribute_deprecated
    Feature record: CXX_FEATURE:1cxx_auto_type
    Feature record: CXX_FEATURE:0cxx_binary_literals
    Feature record: CXX_FEATURE:1cxx_constexpr
    Feature record: CXX_FEATURE:0cxx_contextual_conversions
    Feature record: CXX_FEATURE:1cxx_decltype
    Feature record: CXX_FEATURE:0cxx_decltype_auto
    Feature record: CXX_FEATURE:1cxx_decltype_incomplete_return_types
    Feature record: CXX_FEATURE:1cxx_default_function_template_args
    Feature record: CXX_FEATURE:1cxx_defaulted_functions
    Feature record: CXX_FEATURE:1cxx_defaulted_move_initializers
    Feature record: CXX_FEATURE:1cxx_delegating_constructors
    Feature record: CXX_FEATURE:1cxx_deleted_functions
    Feature record: CXX_FEATURE:0cxx_digit_separators
    Feature record: CXX_FEATURE:1cxx_enum_forward_declarations
    Feature record: CXX_FEATURE:1cxx_explicit_conversions
    Feature record: CXX_FEATURE:1cxx_extended_friend_declarations
    Feature record: CXX_FEATURE:1cxx_extern_templates
    Feature record: CXX_FEATURE:1cxx_final
    Feature record: CXX_FEATURE:1cxx_func_identifier
    Feature record: CXX_FEATURE:1cxx_generalized_initializers
    Feature record: CXX_FEATURE:0cxx_generic_lambdas
    Feature record: CXX_FEATURE:1cxx_inheriting_constructors
    Feature record: CXX_FEATURE:1cxx_inline_namespaces
    Feature record: CXX_FEATURE:1cxx_lambdas
    Feature record: CXX_FEATURE:0cxx_lambda_init_captures
    Feature record: CXX_FEATURE:1cxx_local_type_template_args
    Feature record: CXX_FEATURE:1cxx_long_long_type
    Feature record: CXX_FEATURE:1cxx_noexcept
    Feature record: CXX_FEATURE:1cxx_nonstatic_member_init
    Feature record: CXX_FEATURE:1cxx_nullptr
    Feature record: CXX_FEATURE:1cxx_override
    Feature record: CXX_FEATURE:1cxx_range_for
    Feature record: CXX_FEATURE:1cxx_raw_string_literals
    Feature record: CXX_FEATURE:1cxx_reference_qualified_functions
    Feature record: CXX_FEATURE:0cxx_relaxed_constexpr
    Feature record: CXX_FEATURE:0cxx_return_type_deduction
    Feature record: CXX_FEATURE:1cxx_right_angle_brackets
    Feature record: CXX_FEATURE:1cxx_rvalue_references
    Feature record: CXX_FEATURE:1cxx_sizeof_member
    Feature record: CXX_FEATURE:1cxx_static_assert
    Feature record: CXX_FEATURE:1cxx_strong_enums
    Feature record: CXX_FEATURE:1cxx_template_template_parameters
    Feature record: CXX_FEATURE:1cxx_thread_local
    Feature record: CXX_FEATURE:1cxx_trailing_return_types
    Feature record: CXX_FEATURE:1cxx_unicode_literals
    Feature record: CXX_FEATURE:1cxx_uniform_initialization
    Feature record: CXX_FEATURE:1cxx_unrestricted_unions
    Feature record: CXX_FEATURE:1cxx_user_literals
    Feature record: CXX_FEATURE:0cxx_variable_templates
    Feature record: CXX_FEATURE:1cxx_variadic_macros
    Feature record: CXX_FEATURE:1cxx_variadic_templates


Detecting CXX [-std=c++98] compiler features compiled with the following output:
Change Dir: /home/goalmax/make_dir/CMakeFiles/CMakeTmp

Run Build Command:"/usr/bin/make" "cmTC_f7411/fast"
/usr/bin/make -f CMakeFiles/cmTC_f7411.dir/build.make CMakeFiles/cmTC_f7411.dir/build
make[1]: Entering directory '/home/goalmax/make_dir/CMakeFiles/CMakeTmp'
Building CXX object CMakeFiles/cmTC_f7411.dir/feature_tests.cxx.o
/usr/bin/c++    -std=c++98 -o CMakeFiles/cmTC_f7411.dir/feature_tests.cxx.o -c /home/goalmax/make_dir/CMakeFiles/feature_tests.cxx
Linking CXX executable cmTC_f7411
/usr/bin/cmake -E cmake_link_script CMakeFiles/cmTC_f7411.dir/link.txt --verbose=1
/usr/bin/c++        CMakeFiles/cmTC_f7411.dir/feature_tests.cxx.o  -o cmTC_f7411 -rdynamic 
make[1]: Leaving directory '/home/goalmax/make_dir/CMakeFiles/CMakeTmp'


    Feature record: CXX_FEATURE:0cxx_aggregate_default_initializers
    Feature record: CXX_FEATURE:0cxx_alias_templates
    Feature record: CXX_FEATURE:0cxx_alignas
    Feature record: CXX_FEATURE:0cxx_alignof
    Feature record: CXX_FEATURE:0cxx_attributes
    Feature record: CXX_FEATURE:0cxx_attribute_deprecated
    Feature record: CXX_FEATURE:0cxx_auto_type
    Feature record: CXX_FEATURE:0cxx_binary_literals
    Feature record: CXX_FEATURE:0cxx_constexpr
    Feature record: CXX_FEATURE:0cxx_contextual_conversions
    Feature record: CXX_FEATURE:0cxx_decltype
    Feature record: CXX_FEATURE:0cxx_decltype_auto
    Feature record: CXX_FEATURE:0cxx_decltype_incomplete_return_types
    Feature record: CXX_FEATURE:0cxx_default_function_template_args
    Feature record: CXX_FEATURE:0cxx_defaulted_functions
    Feature record: CXX_FEATURE:0cxx_defaulted_move_initializers
    Feature record: CXX_FEATURE:0cxx_delegating_constructors
    Feature record: CXX_FEATURE:0cxx_deleted_functions
    Feature record: CXX_FEATURE:0cxx_digit_separators
    Feature record: CXX_FEATURE:0cxx_enum_forward_declarations
    Feature record: CXX_FEATURE:0cxx_explicit_conversions
    Feature record: CXX_FEATURE:0cxx_extended_friend_declarations
    Feature record: CXX_FEATURE:0cxx_extern_templates
    Feature record: CXX_FEATURE:0cxx_final
    Feature record: CXX_FEATURE:0cxx_func_identifier
    Feature record: CXX_FEATURE:0cxx_generalized_initializers
    Feature record: CXX_FEATURE:0cxx_generic_lambdas
    Feature record: CXX_FEATURE:0cxx_inheriting_constructors
    Feature record: CXX_FEATURE:0cxx_inline_namespaces
    Feature record: CXX_FEATURE:0cxx_lambdas
    Feature record: CXX_FEATURE:0cxx_lambda_init_captures
    Feature record: CXX_FEATURE:0cxx_local_type_template_args
    Feature record: CXX_FEATURE:0cxx_long_long_type
    Feature record: CXX_FEATURE:0cxx_noexcept
    Feature record: CXX_FEATURE:0cxx_nonstatic_member_init
    Feature record: CXX_FEATURE:0cxx_nullptr
    Feature record: CXX_FEATURE:0cxx_override
    Feature record: CXX_FEATURE:0cxx_range_for
    Feature record: CXX_FEATURE:0cxx_raw_string_literals
    Feature record: CXX_FEATURE:0cxx_reference_qualified_functions
    Feature record: CXX_FEATURE:0cxx_relaxed_constexpr
    Feature record: CXX_FEATURE:0cxx_return_type_deduction
    Feature record: CXX_FEATURE:0cxx_right_angle_brackets
    Feature record: CXX_FEATURE:0cxx_rvalue_references
    Feature record: CXX_FEATURE:0cxx_sizeof_member
    Feature record: CXX_FEATURE:0cxx_static_assert
    Feature record: CXX_FEATURE:0cxx_strong_enums
    Feature record: CXX_FEATURE:1cxx_template_template_parameters
    Feature record: CXX_FEATURE:0cxx_thread_local
    Feature record: CXX_FEATURE:0cxx_trailing_return_types
    Feature record: CXX_FEATURE:0cxx_unicode_literals
    Feature record: CXX_FEATURE:0cxx_uniform_initialization
    Feature record: CXX_FEATURE:0cxx_unrestricted_unions
    Feature record: CXX_FEATURE:0cxx_user_literals
    Feature record: CXX_FEATURE:0cxx_variable_templates
    Feature record: CXX_FEATURE:0cxx_variadic_macros
    Feature record: CXX_FEATURE:0cxx_variadic_templates
